#
# A fatal error has been detected by the Java Runtime Environment:
#
#  SIGSEGV (0xb) at pc=0x0000eba8baf94d48, pid=13108, tid=13155
#
# JRE version: OpenJDK Runtime Environment (21.0.10+7) (build 21.0.10+7-Ubuntu-125.10)
# Java VM: OpenJDK 64-Bit Server VM (21.0.10+7-Ubuntu-125.10, mixed mode, sharing, tiered, compressed oops, compressed class ptrs, g1 gc, linux-aarch64)
# Problematic frame:
# V  [libjvm.so+0x7d4d48]  G1ParScanThreadState::trim_queue_to_threshold(unsigned int)+0x1bb8
#
# Core dump will be written. Default location: Core dumps may be processed with "/usr/share/apport/apport -p%p -s%s -c%c -d%d -P%P -u%u -g%g -F%F -- %E" (or dumping to /home/vboxuser/calculator/core.13108)
#
# If you would like to submit a bug report, please visit:
#   https://bugs.launchpad.net/ubuntu/+source/openjdk-21
#

---------------  S U M M A R Y ------------

Command Line: -Djansi.mode=force -Dclassworlds.conf=/usr/share/maven/bin/m2.conf -Dmaven.home=/usr/share/maven -Dlibrary.jansi.path=/usr/share/maven/lib/jansi-native -Dmaven.multiModuleProjectDirectory=/home/vboxuser/calculator org.codehaus.plexus.classworlds.launcher.Launcher clean test

Host: AArch64, 8 cores, 7G, Ubuntu 25.10
Time: Thu Mar  5 04:52:07 2026 UTC elapsed time: 0.638503 seconds (0d 0h 0m 0s)

---------------  T H R E A D  ---------------

Current thread (0x0000eba880012500):  WorkerThread "GC Thread#4"    [id=13155, stack(0x0000eba875dec000,0x0000eba875fea000) (2040K)]

Stack: [0x0000eba875dec000,0x0000eba875fea000],  sp=0x0000eba875fe8380,  free space=2032k
Native frames: (J=compiled Java code, j=interpreted, Vv=VM code, C=native code)
V  [libjvm.so+0x7d4d48]  G1ParScanThreadState::trim_queue_to_threshold(unsigned int)+0x1bb8
V  [libjvm.so+0x7f6768]  G1ParCopyClosure<(G1Barrier)1, false>::do_oop(oopDesc**)+0xc8
V  [libjvm.so+0x5cf8b8]  ClassLoaderData::ChunkedHandleList::oops_do(OopClosure*)+0x98
V  [libjvm.so+0x7ce3e0]  G1CLDScanClosure::do_cld(ClassLoaderData*)+0x40
V  [libjvm.so+0x5d4c6c]  ClassLoaderDataGraph::roots_cld_do(CLDClosure*, CLDClosure*)+0x4c
V  [libjvm.so+0x7f967c]  G1RootProcessor::process_java_roots(G1RootClosures*, G1GCPhaseTimes*, unsigned int)+0xfc
V  [libjvm.so+0x7f9700]  G1RootProcessor::evacuate_roots(G1ParScanThreadState*, unsigned int)+0x60
V  [libjvm.so+0x80f6a8]  G1EvacuateRegionsTask::scan_roots(G1ParScanThreadState*, unsigned int)+0x28
V  [libjvm.so+0x80f8e8]  G1EvacuateRegionsBaseTask::work(unsigned int)+0x88
V  [libjvm.so+0xfa6978]  WorkerThread::run()+0x98
V  [libjvm.so+0xef3d6c]  Thread::call_run()+0xa8
V  [libjvm.so+0xca8f2c]  thread_native_entry(Thread*)+0xdc
C  [libc.so.6+0x8b9f4]

siginfo: si_signo: 11 (SIGSEGV), si_code: 1 (SEGV_MAPERR), si_addr: 0x0000000000002000

Registers:
R0=0x0000000000000000
R1=0x00000000bb470078
R2=0x0000000000002000
R3=0x0000eba8b406a7f4
R4=0x0000000000000000
R5=0x0000eba8b406a7f4
R6=0x0000000000002000
R7=0x0000eba8b406a7f4
R8=0x0000000000000011
R9=0x0000000500002318
R10=0x0000000000000003
R11=0x0000008000002318
R12=0x0000eba8b40c8df0
R13=0x0000003b54542928
R14=0x904afec0904aff18
R15=0x0000000000000000
R16=0x0000000000000000
R17=0x0000000000000000
R18=0x000000000001ffff
R19=0x0000eba838000ce0
R20=0x0000eba8bbc847a0
R21=0x0000eba8bbcc9598
R22=0x0000eba8b48104d0
R23=0x0000000000000001
R24=0x000000008c768651
R25=0x0000eba8bbc847a0
R26=0x0000eba8bbc85fb8
R27=0x0000000000000000
R28=0x0000000000000000
R29=0x0000eba875fe8380
R30=0x0000eba8baf958fc


Register to memory mapping:

R0 =0x0 is null
R1 =0x00000000bb470078 is an unallocated location in the heap
R2 =0x0000000000002000 is an unknown value
R3 =0x0000eba8b406a7f4 points into unknown readable memory: 00 00 00 00
R4 =0x0 is null
R5 =0x0000eba8b406a7f4 points into unknown readable memory: 00 00 00 00
R6 =0x0000000000002000 is an unknown value
R7 =0x0000eba8b406a7f4 points into unknown readable memory: 00 00 00 00
R8 =0x0000000000000011 is an unknown value
R9 =0x0000000500002318 is an unknown value
R10=0x0000000000000003 is an unknown value
R11=0x0000008000002318 is a pointer to class: 
R12=0x0000eba8b40c8df0 points into unknown readable memory: 0x0000000090400000 | 00 00 40 90 00 00 00 00
R13=0x0000003b54542928 is an unknown value
R14=0x904afec0904aff18 is an unknown value
R15=0x0 is null
R16=0x0 is null
R17=0x0 is null
R18=0x000000000001ffff is an unknown value
R19=0x0000eba838000ce0 points into unknown readable memory: 0x0000eba8bbbb09e8 | e8 09 bb bb a8 eb 00 00
R20=0x0000eba8bbc847a0: <offset 0x00000000014c47a0> in /usr/lib/jvm/java-21-openjdk-arm64/lib/server/libjvm.so at 0x0000eba8ba7c0000
R21=0x0000eba8bbcc9598: <offset 0x0000000001509598> in /usr/lib/jvm/java-21-openjdk-arm64/lib/server/libjvm.so at 0x0000eba8ba7c0000
R22=0x0000eba8b48104d0 points into unknown readable memory: 0x000000008c629a50 | 50 9a 62 8c 00 00 00 00
R23=0x0000000000000001 is an unknown value
R24=0x000000008c768651 is pointing into object: java.lang.reflect.Method 
{0x000000008c768610} - klass: 'java/lang/reflect/Method'
 - ---- fields (total size 11 words):
 - 'override' 'Z' @12  false (0x00)
 - volatile 'accessCheckCache' 'Ljava/lang/Object;' @16  null (0x00000000)
 - private transient 'parameterData' 'Ljava/lang/reflect/Executable$ParameterData;' @20  null (0x00000000)
 - private volatile transient 'declaredAnnotations' 'Ljava/util/Map;' @24  a 'java/util/Collections$EmptyMap'{0x000000008c629b60} (0x8c629b60)
 - private 'callerSensitive' 'B' @13  0 (0x00)
 - private final 'slot' 'I' @28  2 (0x00000002)
 - private final 'modifiers' 'I' @32  1 (0x00000001)
 - private final 'clazz' 'Ljava/lang/Class;' @36  a 'java/lang/Class'{0x000000008c7682c8} = 'com/google/inject/util/Providers$ConstantProvider' (0x8c7682c8)
 - private final 'name' 'Ljava/lang/String;' @40  "get"{0x00000000ffe3a310} (0xffe3a310)
 - private final 'returnType' 'Ljava/lang/Class;' @44  a 'java/lang/Class'{0x00000000ffe80058} = 'java/lang/Object' (0xffe80058)
 - private final 'parameterTypes' '[Ljava/lang/Class;' @48  a 'java/lang/Class'[0] {0x000000008c629508} (0x8c629508)
 - private final 'exceptionTypes' '[Ljava/lang/Class;' @52  a 'java/lang/Class'[0] {0x000000008c629508} (0x8c629508)
 - private final transient 'signature' 'Ljava/lang/String;' @56  "()TT;"{0x000000008c768668} (0x8c768668)
 - private volatile transient 'genericInfo' 'Lsun/reflect/generics/repository/MethodRepository;' @60  null (0x00000000)
 - private final 'annotations' '[B' @64  
[error occurred during error reporting (printing register info), id 0xb, SIGSEGV (0xb) at pc=0x0000eba8bb44b19c]
R25=0x0000eba8bbc847a0: <offset 0x00000000014c47a0> in /usr/lib/jvm/java-21-openjdk-arm64/lib/server/libjvm.so at 0x0000eba8ba7c0000
R26=0x0000eba8bbc85fb8: <offset 0x00000000014c5fb8> in /usr/lib/jvm/java-21-openjdk-arm64/lib/server/libjvm.so at 0x0000eba8ba7c0000
R27=0x0 is null
R28=0x0 is null
R29=0x0000eba875fe8380 points into unknown readable memory: 0x0000eba875fe8480 | 80 84 fe 75 a8 eb 00 00
R30=0x0000eba8baf958fc: <offset 0x00000000007d58fc> in /usr/lib/jvm/java-21-openjdk-arm64/lib/server/libjvm.so at 0x0000eba8ba7c0000

Top of Stack: (sp=0x0000eba875fe8380)
0x0000eba875fe8380:   0000eba875fe8480 002ceba8bafb6768
0x0000eba875fe8390:   0000eba838000ee0 0000eba8380013e8
0x0000eba875fe83a0:   0000eba8b48105d0 0000eba8b48104d0
0x0000eba875fe83b0:   0000000000000001 0000eba8380012c8
0x0000eba875fe83c0:   0000000000000000 0000eba875fe91a0
0x0000eba875fe83d0:   000000000020ca80 0000eba8983d51a0
0x0000eba875fe83e0:   0000eba875fe83f0 0000eba8bbc85fb8
0x0000eba875fe83f0:   0000004075fe8480 004beba8bafb684c
0x0000eba875fe8400:   0000eba8bbcc9598 000000008c76867c
0x0000eba875fe8410:   0000eba8bbc94230 0000eba8bbcc82b3
0x0000eba875fe8420:   0000eba8bbc94200 00000000904affe0
0x0000eba875fe8430:   000000000000000b 0000008000041ef8
0x0000eba875fe8440:   0000eba875fe8450 0030eba8bb470078
0x0000eba875fe8450:   0000000000000011 0000eba8b40c8df0
0x0000eba875fe8460:   0000eba800000000 0000eba800000002
0x0000eba875fe8470:   0000eba875fe0100 0000000000000011
0x0000eba875fe8480:   0000eba875fe84e0 0068eba8bad8f8b8
0x0000eba875fe8490:   0000eba8b48104f8 0000eba838001370
0x0000eba875fe84a0:   0000000025d0bf3d 0000000000000000
0x0000eba875fe84b0:   0000000025d0a874 0000000000000000
0x0000eba875fe84c0:   0000eba8b406c8f0 0000eba880012500
0x0000eba875fe84d0:   0000eba8380012c8 0000eba838001370
0x0000eba875fe84e0:   0000eba875fe8510 0031eba8baf8e3e0
0x0000eba875fe84f0:   0000eba838001448 0000eba838001358
0x0000eba875fe8500:   0000eba838001448 0000eba880000ed0
0x0000eba875fe8510:   0000eba875fe8550 004eeba8bad94c6c
0x0000eba875fe8520:   0000eba8b4810370 0000eba838001358
0x0000eba875fe8530:   0000000000000798 000000002f71e1b2
0x0000eba875fe8540:   0000eba875fe8550 0078eba8baf7c784
0x0000eba875fe8550:   0000eba875fe8580 005beba8bafb967c
0x0000eba875fe8560:   0000eba8380012c0 0000eba880000ed0
0x0000eba875fe8570:   0000eba838001358 003eeba8bafb9670 

Instructions: (pc=0x0000eba8baf94d48)
0x0000eba8baf94c48:   20 be 00 54 60 22 06 91 3f 00 00 71 e2 17 9f 1a
0x0000eba8baf94c58:   83 69 00 f0 63 60 16 91 e1 03 0a aa 02 20 00 b9
0x0000eba8baf94c68:   e2 03 07 aa e6 43 00 f9 e4 0c 80 b9 63 78 64 f8
0x0000eba8baf94c78:   60 00 3f d6 81 02 40 f9 e6 43 40 f9 87 0a 40 b9
0x0000eba8baf94c88:   b0 fa ff 17 00 67 00 f0 00 fc 45 f9 42 0d 1a 8b
0x0000eba8baf94c98:   00 00 40 b9 00 04 00 51 41 01 00 8b 20 00 20 8a
0x0000eba8baf94ca8:   5f 00 00 eb c9 ac ff 54 63 06 40 f9 e1 03 0a aa
0x0000eba8baf94cb8:   a5 02 40 b9 e7 57 00 f9 60 08 41 f9 e4 b3 00 b9
0x0000eba8baf94cc8:   68 18 42 b9 63 fc 40 f9 00 20 c8 9a 40 01 00 cb
0x0000eba8baf94cd8:   00 24 c5 9a 60 58 60 f8 ea 1b 08 a9 00 60 00 91
0x0000eba8baf94ce8:   b2 60 fe 97 e7 57 40 f9 ea 1b 48 a9 e4 b3 40 b9
0x0000eba8baf94cf8:   53 fd ff 17 39 67 00 90 39 df 42 f9 61 06 40 f9
0x0000eba8baf94d08:   20 03 40 f9 02 f3 5f b8 24 0b 40 b9 23 d4 42 f9
0x0000eba8baf94d18:   21 b8 45 b9 42 20 c4 9a 46 00 00 8b c1 24 c1 9a
0x0000eba8baf94d28:   65 04 01 8b 21 f8 7f d3 bb 04 c0 39 7c 68 61 38
0x0000eba8baf94d38:   e1 cb 40 b9 61 1f 18 33 e1 cb 00 b9 db c3 ff 37
0x0000eba8baf94d48:   48 68 60 f8 01 07 00 d1 e1 47 00 f9 02 05 40 92
0x0000eba8baf94d58:   5f 0c 00 f1 41 49 00 54 01 67 00 d0 21 78 43 f9
0x0000eba8baf94d68:   1c f5 7e 92 e1 43 00 f9 80 03 00 cb 00 24 c4 9a
0x0000eba8baf94d78:   00 f3 1f b8 e0 0f 48 a9 02 00 40 b9 60 00 1c ca
0x0000eba8baf94d88:   00 24 c2 9a 80 c1 ff b4 60 06 40 f9 01 d4 42 f9
0x0000eba8baf94d98:   02 b8 45 b9 60 24 c2 9a 20 04 00 8b 00 04 c0 39
0x0000eba8baf94da8:   1f 08 00 31 80 c0 ff 54 9c 27 c2 9a 80 fb 7f d3
0x0000eba8baf94db8:   3c 04 1c 8b 21 68 60 38 80 07 c0 39 3f 00 00 71
0x0000eba8baf94dc8:   00 18 40 7a 8a bf ff 54 60 32 40 f9 21 67 00 90
0x0000eba8baf94dd8:   21 38 41 f9 62 de 40 f9 23 00 40 b9 18 84 42 a9
0x0000eba8baf94de8:   e0 47 40 f9 00 24 c3 9a 21 00 00 8b 38 00 18 cb
0x0000eba8baf94df8:   1f 03 02 eb 00 be ff 54 e9 fe ff 17 20 0f 40 f9
0x0000eba8baf94e08:   05 05 80 52 02 04 40 f9 08 14 41 f9 40 08 41 f9
0x0000eba8baf94e18:   46 18 42 b9 42 fc 40 f9 00 20 c6 9a 20 00 00 cb
0x0000eba8baf94e28:   00 24 c7 9a 40 58 60 f8 06 48 40 b9 c6 7c a5 9b
0x0000eba8baf94e38:   07 01 06 8b e5 0c 40 f9 a5 ab 00 b4 a0 00 41 f9 


Stack slot to memory mapping:

stack at sp + 0 slots: 0x0000eba875fe8480 points into unknown readable memory: 0x0000eba875fe84e0 | e0 84 fe 75 a8 eb 00 00
stack at sp + 1 slots: 0x002ceba8bafb6768 is an unknown value
stack at sp + 2 slots: 0x0000eba838000ee0 points into unknown readable memory: 0x0000000000000000 | 00 00 00 00 00 00 00 00
stack at sp + 3 slots: 0x0000eba8380013e8 points into unknown readable memory: 0x0000eba8bbbb0d20 | 20 0d bb bb a8 eb 00 00
stack at sp + 4 slots: 0x0000eba8b48105d0 points into unknown readable memory: 0x6e04000100000020 | 20 00 00 00 01 00 04 6e
stack at sp + 5 slots: 0x0000eba8b48104d0 points into unknown readable memory: 0x000000008c629a50 | 50 9a 62 8c 00 00 00 00
stack at sp + 6 slots: 0x0000000000000001 is an unknown value
stack at sp + 7 slots: 0x0000eba8380012c8 points into unknown readable memory: 0x0000eba8bbbb0d98 | 98 0d bb bb a8 eb 00 00


---------------  P R O C E S S  ---------------

Threads class SMR info:
_java_thread_list=0x0000eba8b4990910, length=11, elements={
0x0000eba8b4019d60, 0x0000eba8b41222e0, 0x0000eba8b41238f0, 0x0000eba8b41250b0,
0x0000eba8b4126720, 0x0000eba8b4127cf0, 0x0000eba8b41297f0, 0x0000eba8b412aee0,
0x0000eba8b4136fc0, 0x0000eba8b413a2d0, 0x0000eba8b498f950
}

Java Threads: ( => current thread )
  0x0000eba8b4019d60 JavaThread "main"                              [_thread_blocked, id=13129, stack(0x0000eba8ba212000,0x0000eba8ba410000) (2040K)]
  0x0000eba8b41222e0 JavaThread "Reference Handler"          daemon [_thread_blocked, id=13137, stack(0x0000eba877802000,0x0000eba877a00000) (2040K)]
  0x0000eba8b41238f0 JavaThread "Finalizer"                  daemon [_thread_blocked, id=13138, stack(0x0000eba877604000,0x0000eba877802000) (2040K)]
  0x0000eba8b41250b0 JavaThread "Signal Dispatcher"          daemon [_thread_blocked, id=13139, stack(0x0000eba877406000,0x0000eba877604000) (2040K)]
  0x0000eba8b4126720 JavaThread "Service Thread"             daemon [_thread_blocked, id=13140, stack(0x0000eba877208000,0x0000eba877406000) (2040K)]
  0x0000eba8b4127cf0 JavaThread "Monitor Deflation Thread"   daemon [_thread_blocked, id=13141, stack(0x0000eba87700a000,0x0000eba877208000) (2040K)]
  0x0000eba8b41297f0 JavaThread "C2 CompilerThread0"         daemon [_thread_blocked, id=13142, stack(0x0000eba876e0c000,0x0000eba87700a000) (2040K)]
  0x0000eba8b412aee0 JavaThread "C1 CompilerThread0"         daemon [_thread_blocked, id=13143, stack(0x0000eba876c0e000,0x0000eba876e0c000) (2040K)]
  0x0000eba8b4136fc0 JavaThread "Notification Thread"        daemon [_thread_blocked, id=13144, stack(0x0000eba876a10000,0x0000eba876c0e000) (2040K)]
  0x0000eba8b413a2d0 JavaThread "Common-Cleaner"             daemon [_thread_blocked, id=13145, stack(0x0000eba876812000,0x0000eba876a10000) (2040K)]
  0x0000eba8b498f950 JavaThread "Thread-1"                   daemon [_thread_blocked, id=13153, stack(0x0000eba876614000,0x0000eba876812000) (2040K)]
Total: 11

Other Threads:
  0x0000eba8b4119370 VMThread "VM Thread"                           [id=13136, stack(0x0000eba8981d8000,0x0000eba8983d6000) (2040K)]
  0x0000eba8b41073e0 WatcherThread "VM Periodic Task Thread"        [id=13135, stack(0x0000eba8983e6000,0x0000eba8985e4000) (2040K)]
  0x0000eba8b406c8f0 WorkerThread "GC Thread#0"                     [id=13130, stack(0x0000eba8b8e2f000,0x0000eba8b902d000) (2040K)]
  0x0000eba880007970 WorkerThread "GC Thread#1"                     [id=13147, stack(0x0000eba876416000,0x0000eba876614000) (2040K)]
  0x0000eba88000fc00 WorkerThread "GC Thread#2"                     [id=13148, stack(0x0000eba876208000,0x0000eba876406000) (2040K)]
  0x0000eba88000f2a0 WorkerThread "GC Thread#3"                     [id=13154, stack(0x0000eba875ffa000,0x0000eba8761f8000) (2040K)]
=>0x0000eba880012500 WorkerThread "GC Thread#4"                     [id=13155, stack(0x0000eba875dec000,0x0000eba875fea000) (2040K)]
  0x0000eba880012f00 WorkerThread "GC Thread#5"                     [id=13156, stack(0x0000eba875bde000,0x0000eba875ddc000) (2040K)]
  0x0000eba8800139d0 WorkerThread "GC Thread#6"                     [id=13157, stack(0x0000eba8759d0000,0x0000eba875bce000) (2040K)]
  0x0000eba8800148f0 WorkerThread "GC Thread#7"                     [id=13158, stack(0x0000eba8757c2000,0x0000eba8759c0000) (2040K)]
  0x0000eba8b407c500 ConcurrentGCThread "G1 Main Marker"            [id=13131, stack(0x0000eba8b8c21000,0x0000eba8b8e1f000) (2040K)]
  0x0000eba8b407d4c0 WorkerThread "G1 Conc#0"                       [id=13132, stack(0x0000eba8b8a13000,0x0000eba8b8c11000) (2040K)]
  0x0000eba8b40ec930 ConcurrentGCThread "G1 Refine#0"               [id=13133, stack(0x0000eba898802000,0x0000eba898a00000) (2040K)]
  0x0000eba8b40ed910 ConcurrentGCThread "G1 Service"                [id=13134, stack(0x0000eba8985f4000,0x0000eba8987f2000) (2040K)]
Total: 14

Threads with active compile tasks:
C2 CompilerThread0  641 3303       4       java.lang.invoke.MethodType::makeImpl (109 bytes)
Total: 1

VM state: at safepoint (normal execution)

VM Mutex/Monitor currently owned by a thread:  ([mutex/lock_event])
[0x0000eba8bbd0aab0] Threads_lock - owner thread: 0x0000eba8b4119370
[0x0000eba8bbd0abb0] Heap_lock - owner thread: 0x0000eba8b4019d60

Heap address: 0x000000008c600000, size: 1850 MB, Compressed Oops mode: 32-bit

CDS archive(s) mapped at: [0x0000008000000000-0x0000008000cb0000-0x0000008000cb0000), size 13303808, SharedBaseAddress: 0x0000008000000000, ArchiveRelocationMode: 1.
Compressed class space mapped at: 0x0000008001000000-0x0000008041000000, reserved size: 1073741824
Narrow klass base: 0x0000008000000000, Narrow klass shift: 0, Narrow klass range: 0x100000000

GC Precious Log:
 CardTable entry size: 512
 Card Set container configuration: InlinePtr #cards 5 size 8 Array Of Cards #cards 12 size 40 Howl #buckets 4 coarsen threshold 1843 Howl Bitmap #cards 512 size 80 coarsen threshold 460 Card regions per heap region 1 cards per card region 2048
 CPUs: 8 total, 8 available
 Memory: 7397M
 Large Page Support: Disabled
 NUMA Support: Disabled
 Compressed Oops: Enabled (32-bit)
 Heap Region Size: 1M
 Heap Min Capacity: 8M
 Heap Initial Capacity: 116M
 Heap Max Capacity: 1850M
 Pre-touch: Disabled
 Parallel Workers: 8
 Concurrent Workers: 2
 Concurrent Refinement Workers: 8
 Periodic GC: Disabled

Heap:
 garbage-first heap   total 120832K, used 28589K [0x000000008c600000, 0x0000000100000000)
  region size 1024K, 26 young (26624K), 6 survivors (6144K)
 Metaspace       used 21299K, committed 21504K, reserved 1114112K
  class space    used 2539K, committed 2624K, reserved 1048576K

Heap Regions: E=young(eden), S=young(survivor), O=old, HS=humongous(starts), HC=humongous(continues), CS=collection set, F=free, TAMS=top-at-mark-start, PB=parsable bottom
|   0|0x000000008c600000, 0x000000008c700000, 0x000000008c700000|100%| O|  |TAMS 0x000000008c618000| PB 0x000000008c600000| Untracked 
|   1|0x000000008c700000, 0x000000008c800000, 0x000000008c800000|100%| O|  |TAMS 0x000000008c700000| PB 0x000000008c700000| Untracked 
|   2|0x000000008c800000, 0x000000008c891200, 0x000000008c900000| 56%| O|  |TAMS 0x000000008c800000| PB 0x000000008c800000| Untracked 
|   3|0x000000008c900000, 0x000000008c900000, 0x000000008ca00000|  0%| F|  |TAMS 0x000000008c900000| PB 0x000000008c900000| Untracked 
|   4|0x000000008ca00000, 0x000000008ca00000, 0x000000008cb00000|  0%| F|  |TAMS 0x000000008ca00000| PB 0x000000008ca00000| Untracked 
|   5|0x000000008cb00000, 0x000000008cb00000, 0x000000008cc00000|  0%| F|  |TAMS 0x000000008cb00000| PB 0x000000008cb00000| Untracked 
|   6|0x000000008cc00000, 0x000000008cc00000, 0x000000008cd00000|  0%| F|  |TAMS 0x000000008cc00000| PB 0x000000008cc00000| Untracked 
|   7|0x000000008cd00000, 0x000000008cd00000, 0x000000008ce00000|  0%| F|  |TAMS 0x000000008cd00000| PB 0x000000008cd00000| Untracked 
|   8|0x000000008ce00000, 0x000000008ce00000, 0x000000008cf00000|  0%| F|  |TAMS 0x000000008ce00000| PB 0x000000008ce00000| Untracked 
|   9|0x000000008cf00000, 0x000000008cf00000, 0x000000008d000000|  0%| F|  |TAMS 0x000000008cf00000| PB 0x000000008cf00000| Untracked 
|  10|0x000000008d000000, 0x000000008d000000, 0x000000008d100000|  0%| F|  |TAMS 0x000000008d000000| PB 0x000000008d000000| Untracked 
|  11|0x000000008d100000, 0x000000008d100000, 0x000000008d200000|  0%| F|  |TAMS 0x000000008d100000| PB 0x000000008d100000| Untracked 
|  12|0x000000008d200000, 0x000000008d200000, 0x000000008d300000|  0%| F|  |TAMS 0x000000008d200000| PB 0x000000008d200000| Untracked 
|  13|0x000000008d300000, 0x000000008d300000, 0x000000008d400000|  0%| F|  |TAMS 0x000000008d300000| PB 0x000000008d300000| Untracked 
|  14|0x000000008d400000, 0x000000008d400000, 0x000000008d500000|  0%| F|  |TAMS 0x000000008d400000| PB 0x000000008d400000| Untracked 
|  15|0x000000008d500000, 0x000000008d500000, 0x000000008d600000|  0%| F|  |TAMS 0x000000008d500000| PB 0x000000008d500000| Untracked 
|  16|0x000000008d600000, 0x000000008d600000, 0x000000008d700000|  0%| F|  |TAMS 0x000000008d600000| PB 0x000000008d600000| Untracked 
|  17|0x000000008d700000, 0x000000008d700000, 0x000000008d800000|  0%| F|  |TAMS 0x000000008d700000| PB 0x000000008d700000| Untracked 
|  18|0x000000008d800000, 0x000000008d800000, 0x000000008d900000|  0%| F|  |TAMS 0x000000008d800000| PB 0x000000008d800000| Untracked 
|  19|0x000000008d900000, 0x000000008d900000, 0x000000008da00000|  0%| F|  |TAMS 0x000000008d900000| PB 0x000000008d900000| Untracked 
|  20|0x000000008da00000, 0x000000008da00000, 0x000000008db00000|  0%| F|  |TAMS 0x000000008da00000| PB 0x000000008da00000| Untracked 
|  21|0x000000008db00000, 0x000000008db00000, 0x000000008dc00000|  0%| F|  |TAMS 0x000000008db00000| PB 0x000000008db00000| Untracked 
|  22|0x000000008dc00000, 0x000000008dc00000, 0x000000008dd00000|  0%| F|  |TAMS 0x000000008dc00000| PB 0x000000008dc00000| Untracked 
|  23|0x000000008dd00000, 0x000000008dd00000, 0x000000008de00000|  0%| F|  |TAMS 0x000000008dd00000| PB 0x000000008dd00000| Untracked 
|  24|0x000000008de00000, 0x000000008de00000, 0x000000008df00000|  0%| F|  |TAMS 0x000000008de00000| PB 0x000000008de00000| Untracked 
|  25|0x000000008df00000, 0x000000008df00000, 0x000000008e000000|  0%| F|  |TAMS 0x000000008df00000| PB 0x000000008df00000| Untracked 
|  26|0x000000008e000000, 0x000000008e000000, 0x000000008e100000|  0%| F|  |TAMS 0x000000008e000000| PB 0x000000008e000000| Untracked 
|  27|0x000000008e100000, 0x000000008e100000, 0x000000008e200000|  0%| F|  |TAMS 0x000000008e100000| PB 0x000000008e100000| Untracked 
|  28|0x000000008e200000, 0x000000008e200000, 0x000000008e300000|  0%| F|  |TAMS 0x000000008e200000| PB 0x000000008e200000| Untracked 
|  29|0x000000008e300000, 0x000000008e300000, 0x000000008e400000|  0%| F|  |TAMS 0x000000008e300000| PB 0x000000008e300000| Untracked 
|  30|0x000000008e400000, 0x000000008e400000, 0x000000008e500000|  0%| F|  |TAMS 0x000000008e400000| PB 0x000000008e400000| Untracked 
|  31|0x000000008e500000, 0x000000008e500000, 0x000000008e600000|  0%| F|  |TAMS 0x000000008e500000| PB 0x000000008e500000| Untracked 
|  32|0x000000008e600000, 0x000000008e600000, 0x000000008e700000|  0%| F|  |TAMS 0x000000008e600000| PB 0x000000008e600000| Untracked 
|  33|0x000000008e700000, 0x000000008e700000, 0x000000008e800000|  0%| F|  |TAMS 0x000000008e700000| PB 0x000000008e700000| Untracked 
|  34|0x000000008e800000, 0x000000008e800000, 0x000000008e900000|  0%| F|  |TAMS 0x000000008e800000| PB 0x000000008e800000| Untracked 
|  35|0x000000008e900000, 0x000000008e900000, 0x000000008ea00000|  0%| F|  |TAMS 0x000000008e900000| PB 0x000000008e900000| Untracked 
|  36|0x000000008ea00000, 0x000000008ea00000, 0x000000008eb00000|  0%| F|  |TAMS 0x000000008ea00000| PB 0x000000008ea00000| Untracked 
|  37|0x000000008eb00000, 0x000000008eb00000, 0x000000008ec00000|  0%| F|  |TAMS 0x000000008eb00000| PB 0x000000008eb00000| Untracked 
|  38|0x000000008ec00000, 0x000000008ec00000, 0x000000008ed00000|  0%| F|  |TAMS 0x000000008ec00000| PB 0x000000008ec00000| Untracked 
|  39|0x000000008ed00000, 0x000000008ed00000, 0x000000008ee00000|  0%| F|  |TAMS 0x000000008ed00000| PB 0x000000008ed00000| Untracked 
|  40|0x000000008ee00000, 0x000000008ee00000, 0x000000008ef00000|  0%| F|  |TAMS 0x000000008ee00000| PB 0x000000008ee00000| Untracked 
|  41|0x000000008ef00000, 0x000000008ef00000, 0x000000008f000000|  0%| F|  |TAMS 0x000000008ef00000| PB 0x000000008ef00000| Untracked 
|  42|0x000000008f000000, 0x000000008f000000, 0x000000008f100000|  0%| F|  |TAMS 0x000000008f000000| PB 0x000000008f000000| Untracked 
|  43|0x000000008f100000, 0x000000008f100000, 0x000000008f200000|  0%| F|  |TAMS 0x000000008f100000| PB 0x000000008f100000| Untracked 
|  44|0x000000008f200000, 0x000000008f200000, 0x000000008f300000|  0%| F|  |TAMS 0x000000008f200000| PB 0x000000008f200000| Untracked 
|  45|0x000000008f300000, 0x000000008f300000, 0x000000008f400000|  0%| F|  |TAMS 0x000000008f300000| PB 0x000000008f300000| Untracked 
|  46|0x000000008f400000, 0x000000008f400000, 0x000000008f500000|  0%| F|  |TAMS 0x000000008f400000| PB 0x000000008f400000| Untracked 
|  47|0x000000008f500000, 0x000000008f500000, 0x000000008f600000|  0%| F|  |TAMS 0x000000008f500000| PB 0x000000008f500000| Untracked 
|  48|0x000000008f600000, 0x000000008f600000, 0x000000008f700000|  0%| F|  |TAMS 0x000000008f600000| PB 0x000000008f600000| Untracked 
|  49|0x000000008f700000, 0x000000008f700000, 0x000000008f800000|  0%| F|  |TAMS 0x000000008f700000| PB 0x000000008f700000| Untracked 
|  50|0x000000008f800000, 0x000000008f800000, 0x000000008f900000|  0%| F|  |TAMS 0x000000008f800000| PB 0x000000008f800000| Untracked 
|  51|0x000000008f900000, 0x000000008f900000, 0x000000008fa00000|  0%| F|  |TAMS 0x000000008f900000| PB 0x000000008f900000| Untracked 
|  52|0x000000008fa00000, 0x000000008fa00000, 0x000000008fb00000|  0%| F|  |TAMS 0x000000008fa00000| PB 0x000000008fa00000| Untracked 
|  53|0x000000008fb00000, 0x000000008fb00000, 0x000000008fc00000|  0%| F|  |TAMS 0x000000008fb00000| PB 0x000000008fb00000| Untracked 
|  54|0x000000008fc00000, 0x000000008fc00000, 0x000000008fd00000|  0%| F|  |TAMS 0x000000008fc00000| PB 0x000000008fc00000| Untracked 
|  55|0x000000008fd00000, 0x000000008fd00000, 0x000000008fe00000|  0%| F|  |TAMS 0x000000008fd00000| PB 0x000000008fd00000| Untracked 
|  56|0x000000008fe00000, 0x000000008fe00000, 0x000000008ff00000|  0%| F|  |TAMS 0x000000008fe00000| PB 0x000000008fe00000| Untracked 
|  57|0x000000008ff00000, 0x000000008ff00000, 0x0000000090000000|  0%| F|  |TAMS 0x000000008ff00000| PB 0x000000008ff00000| Untracked 
|  58|0x0000000090000000, 0x00000000900fb220, 0x0000000090100000| 98%| E|CS|TAMS 0x0000000090000000| PB 0x0000000090000000| Complete 
|  59|0x0000000090100000, 0x0000000090200000, 0x0000000090200000|100%| E|CS|TAMS 0x0000000090100000| PB 0x0000000090100000| Complete 
|  60|0x0000000090200000, 0x0000000090300000, 0x0000000090300000|100%| E|CS|TAMS 0x0000000090200000| PB 0x0000000090200000| Complete 
|  61|0x0000000090300000, 0x0000000090400000, 0x0000000090400000|100%| E|CS|TAMS 0x0000000090300000| PB 0x0000000090300000| Complete 
|  62|0x0000000090400000, 0x0000000090500000, 0x0000000090500000|100%| E|CS|TAMS 0x0000000090400000| PB 0x0000000090400000| Complete 
|  63|0x0000000090500000, 0x0000000090600000, 0x0000000090600000|100%| E|CS|TAMS 0x0000000090500000| PB 0x0000000090500000| Complete 
|  64|0x0000000090600000, 0x0000000090700000, 0x0000000090700000|100%| E|CS|TAMS 0x0000000090600000| PB 0x0000000090600000| Complete 
|  65|0x0000000090700000, 0x0000000090700000, 0x0000000090800000|  0%| F|  |TAMS 0x0000000090700000| PB 0x0000000090700000| Untracked 
|  66|0x0000000090800000, 0x0000000090800000, 0x0000000090900000|  0%| F|  |TAMS 0x0000000090800000| PB 0x0000000090800000| Untracked 
|  67|0x0000000090900000, 0x0000000090900000, 0x0000000090a00000|  0%| F|  |TAMS 0x0000000090900000| PB 0x0000000090900000| Untracked 
|  68|0x0000000090a00000, 0x0000000090a00000, 0x0000000090b00000|  0%| F|  |TAMS 0x0000000090a00000| PB 0x0000000090a00000| Untracked 
|  69|0x0000000090b00000, 0x0000000090b00000, 0x0000000090c00000|  0%| F|  |TAMS 0x0000000090b00000| PB 0x0000000090b00000| Untracked 
|  70|0x0000000090c00000, 0x0000000090c00000, 0x0000000090d00000|  0%| F|  |TAMS 0x0000000090c00000| PB 0x0000000090c00000| Untracked 
|  71|0x0000000090d00000, 0x0000000090d00000, 0x0000000090e00000|  0%| F|  |TAMS 0x0000000090d00000| PB 0x0000000090d00000| Untracked 
|  72|0x0000000090e00000, 0x0000000090e00000, 0x0000000090f00000|  0%| F|  |TAMS 0x0000000090e00000| PB 0x0000000090e00000| Untracked 
|  73|0x0000000090f00000, 0x0000000090f00000, 0x0000000091000000|  0%| F|  |TAMS 0x0000000090f00000| PB 0x0000000090f00000| Untracked 
|  74|0x0000000091000000, 0x0000000091000000, 0x0000000091100000|  0%| F|  |TAMS 0x0000000091000000| PB 0x0000000091000000| Untracked 
|  75|0x0000000091100000, 0x0000000091100000, 0x0000000091200000|  0%| F|  |TAMS 0x0000000091100000| PB 0x0000000091100000| Untracked 
|  76|0x0000000091200000, 0x0000000091200000, 0x0000000091300000|  0%| F|  |TAMS 0x0000000091200000| PB 0x0000000091200000| Untracked 
|  77|0x0000000091300000, 0x0000000091300000, 0x0000000091400000|  0%| F|  |TAMS 0x0000000091300000| PB 0x0000000091300000| Untracked 
|  78|0x0000000091400000, 0x0000000091400000, 0x0000000091500000|  0%| F|  |TAMS 0x0000000091400000| PB 0x0000000091400000| Untracked 
|  79|0x0000000091500000, 0x0000000091500000, 0x0000000091600000|  0%| F|  |TAMS 0x0000000091500000| PB 0x0000000091500000| Untracked 
|  80|0x0000000091600000, 0x0000000091600000, 0x0000000091700000|  0%| F|  |TAMS 0x0000000091600000| PB 0x0000000091600000| Untracked 
|  81|0x0000000091700000, 0x0000000091700000, 0x0000000091800000|  0%| F|  |TAMS 0x0000000091700000| PB 0x0000000091700000| Untracked 
|  82|0x0000000091800000, 0x0000000091800000, 0x0000000091900000|  0%| F|  |TAMS 0x0000000091800000| PB 0x0000000091800000| Untracked 
|  83|0x0000000091900000, 0x0000000091900000, 0x0000000091a00000|  0%| F|  |TAMS 0x0000000091900000| PB 0x0000000091900000| Untracked 
|  84|0x0000000091a00000, 0x0000000091a00000, 0x0000000091b00000|  0%| F|  |TAMS 0x0000000091a00000| PB 0x0000000091a00000| Untracked 
|  85|0x0000000091b00000, 0x0000000091b00000, 0x0000000091c00000|  0%| F|  |TAMS 0x0000000091b00000| PB 0x0000000091b00000| Untracked 
|  86|0x0000000091c00000, 0x0000000091c00000, 0x0000000091d00000|  0%| F|  |TAMS 0x0000000091c00000| PB 0x0000000091c00000| Untracked 
|  87|0x0000000091d00000, 0x0000000091d00000, 0x0000000091e00000|  0%| F|  |TAMS 0x0000000091d00000| PB 0x0000000091d00000| Untracked 
|  88|0x0000000091e00000, 0x0000000091e00000, 0x0000000091f00000|  0%| F|  |TAMS 0x0000000091e00000| PB 0x0000000091e00000| Untracked 
|  89|0x0000000091f00000, 0x0000000091f00000, 0x0000000092000000|  0%| F|  |TAMS 0x0000000091f00000| PB 0x0000000091f00000| Untracked 
|  90|0x0000000092000000, 0x0000000092100000, 0x0000000092100000|100%| S|  |TAMS 0x0000000092000000| PB 0x0000000092000000| Complete 
|  91|0x0000000092100000, 0x0000000092200000, 0x0000000092200000|100%| S|  |TAMS 0x0000000092100000| PB 0x0000000092100000| Complete 
|  92|0x0000000092200000, 0x0000000092300000, 0x0000000092300000|100%| S|  |TAMS 0x0000000092200000| PB 0x0000000092200000| Complete 
|  93|0x0000000092300000, 0x0000000092400000, 0x0000000092400000|100%| S|  |TAMS 0x0000000092300000| PB 0x0000000092300000| Complete 
|  94|0x0000000092400000, 0x0000000092500000, 0x0000000092500000|100%| S|  |TAMS 0x0000000092400000| PB 0x0000000092400000| Complete 
|  95|0x0000000092500000, 0x0000000092600000, 0x0000000092600000|100%| S|  |TAMS 0x0000000092500000| PB 0x0000000092500000| Complete 
|  96|0x0000000092600000, 0x00000000926cbf08, 0x0000000092700000| 79%| E|CS|TAMS 0x0000000092600000| PB 0x0000000092600000| Complete 
|  97|0x0000000092700000, 0x0000000092800000, 0x0000000092800000|100%| E|CS|TAMS 0x0000000092700000| PB 0x0000000092700000| Complete 
|  98|0x0000000092800000, 0x0000000092900000, 0x0000000092900000|100%| E|CS|TAMS 0x0000000092800000| PB 0x0000000092800000| Complete 
|  99|0x0000000092900000, 0x0000000092a00000, 0x0000000092a00000|100%| E|CS|TAMS 0x0000000092900000| PB 0x0000000092900000| Complete 
| 100|0x0000000092a00000, 0x0000000092b00000, 0x0000000092b00000|100%| E|CS|TAMS 0x0000000092a00000| PB 0x0000000092a00000| Complete 
| 101|0x0000000092b00000, 0x0000000092c00000, 0x0000000092c00000|100%| E|CS|TAMS 0x0000000092b00000| PB 0x0000000092b00000| Complete 
| 102|0x0000000092c00000, 0x0000000092d00000, 0x0000000092d00000|100%| E|CS|TAMS 0x0000000092c00000| PB 0x0000000092c00000| Complete 
| 103|0x0000000092d00000, 0x0000000092e00000, 0x0000000092e00000|100%| E|CS|TAMS 0x0000000092d00000| PB 0x0000000092d00000| Complete 
| 104|0x0000000092e00000, 0x0000000092f00000, 0x0000000092f00000|100%| E|CS|TAMS 0x0000000092e00000| PB 0x0000000092e00000| Complete 
| 105|0x0000000092f00000, 0x0000000093000000, 0x0000000093000000|100%| E|CS|TAMS 0x0000000092f00000| PB 0x0000000092f00000| Complete 
| 106|0x0000000093000000, 0x0000000093100000, 0x0000000093100000|100%| E|CS|TAMS 0x0000000093000000| PB 0x0000000093000000| Complete 
| 107|0x0000000093100000, 0x0000000093200000, 0x0000000093200000|100%| E|CS|TAMS 0x0000000093100000| PB 0x0000000093100000| Complete 
| 108|0x0000000093200000, 0x0000000093300000, 0x0000000093300000|100%| E|CS|TAMS 0x0000000093200000| PB 0x0000000093200000| Complete 
| 109|0x0000000093300000, 0x0000000093400000, 0x0000000093400000|100%| E|CS|TAMS 0x0000000093300000| PB 0x0000000093300000| Complete 
| 110|0x0000000093400000, 0x0000000093500000, 0x0000000093500000|100%| E|CS|TAMS 0x0000000093400000| PB 0x0000000093400000| Complete 
| 111|0x0000000093500000, 0x0000000093600000, 0x0000000093600000|100%| E|CS|TAMS 0x0000000093500000| PB 0x0000000093500000| Complete 
| 112|0x0000000093600000, 0x0000000093700000, 0x0000000093700000|100%| E|CS|TAMS 0x0000000093600000| PB 0x0000000093600000| Complete 
| 113|0x0000000093700000, 0x0000000093800000, 0x0000000093800000|100%| E|CS|TAMS 0x0000000093700000| PB 0x0000000093700000| Complete 
| 114|0x0000000093800000, 0x0000000093900000, 0x0000000093900000|100%| E|CS|TAMS 0x0000000093800000| PB 0x0000000093800000| Complete 
| 115|0x0000000093900000, 0x0000000093a00000, 0x0000000093a00000|100%| E|CS|TAMS 0x0000000093900000| PB 0x0000000093900000| Complete 
|1848|0x00000000ffe00000, 0x00000000fff00000, 0x00000000fff00000|100%| O|  |TAMS 0x00000000fff00000| PB 0x00000000ffe00000| Untracked 
|1849|0x00000000fff00000, 0x00000000fff0c6b8, 0x0000000100000000|  4%| O|  |TAMS 0x00000000fff0c6b8| PB 0x00000000fff00000| Untracked 

Card table byte_map: [0x0000eba8b9088000,0x0000eba8b9425000] _byte_map_base: 0x0000eba8b8c25000

Marking Bits: (CMBitMap*) 0x0000eba8b406d440
 Bits: [0x0000eba89ab18000, 0x0000eba89c800000)

Polling page: 0x0000eba8bbfe9000

Metaspace:

Usage:
  Non-class:     18.32 MB used.
      Class:      2.48 MB used.
       Both:     20.80 MB used.

Virtual space:
  Non-class space:       64.00 MB reserved,      18.44 MB ( 29%) committed,  1 nodes.
      Class space:        1.00 GB reserved,       2.56 MB ( <1%) committed,  1 nodes.
             Both:        1.06 GB reserved,      21.00 MB (  2%) committed. 

Chunk freelists:
   Non-Class:  12.95 MB
       Class:  13.44 MB
        Both:  26.39 MB

MaxMetaspaceSize: unlimited
CompressedClassSpaceSize: 1.00 GB
Initial GC threshold: 21.00 MB
Current GC threshold: 21.00 MB
CDS: on
 - commit_granule_bytes: 65536.
 - commit_granule_words: 8192.
 - virtual_space_node_default_size: 8388608.
 - enlarge_chunks_in_place: 1.
 - use_allocation_guard: 0.


Internal statistics:

num_allocs_failed_limit: 3.
num_arena_births: 168.
num_arena_deaths: 0.
num_vsnodes_births: 2.
num_vsnodes_deaths: 0.
num_space_committed: 336.
num_space_uncommitted: 0.
num_chunks_returned_to_freelist: 3.
num_chunks_taken_from_freelist: 748.
num_chunk_merges: 0.
num_chunk_splits: 536.
num_chunks_enlarged: 439.
num_inconsistent_stats: 0.

CodeHeap 'non-profiled nmethods': size=120028Kb used=1129Kb max_used=1129Kb free=118898Kb
 bounds [0x0000eba8a42c9000, 0x0000eba8a4539000, 0x0000eba8ab800000]
CodeHeap 'profiled nmethods': size=120028Kb used=6763Kb max_used=6763Kb free=113265Kb
 bounds [0x0000eba89c800000, 0x0000eba89cea0000, 0x0000eba8a3d37000]
CodeHeap 'non-nmethods': size=5704Kb used=1376Kb max_used=1384Kb free=4327Kb
 bounds [0x0000eba8a3d37000, 0x0000eba8a3fa7000, 0x0000eba8a42c9000]
CodeCache: size=245760Kb, used=9268Kb, max_used=9276Kb, free=236490Kb
 total_blobs=3877, nmethods=3338, adapters=447, full_count=0
Compilation: enabled, stopped_count=0, restarted_count=0

Compilation events (20 events):
Event: 0.631 Thread 0x0000eba8b412aee0 3336   !   3       jdk.internal.misc.ScopedMemoryAccess::getIntUnaligned (18 bytes)
Event: 0.631 Thread 0x0000eba8b412aee0 nmethod 3336 0x0000eba89ce96790 code [0x0000eba89ce969c0, 0x0000eba89ce96ee8]
Event: 0.632 Thread 0x0000eba8b412aee0 3339       3       java.util.EnumSet::of (16 bytes)
Event: 0.632 Thread 0x0000eba8b412aee0 nmethod 3339 0x0000eba89ce97210 code [0x0000eba89ce97400, 0x0000eba89ce97760]
Event: 0.632 Thread 0x0000eba8b412aee0 3340       3       sun.security.ssl.SSLAlgorithmConstraints::permits (92 bytes)
Event: 0.632 Thread 0x0000eba8b412aee0 nmethod 3340 0x0000eba89ce97990 code [0x0000eba89ce97b80, 0x0000eba89ce980b0]
Event: 0.632 Thread 0x0000eba8b412aee0 3343       3       java.lang.StringLatin1::regionMatchesCI (45 bytes)
Event: 0.632 Thread 0x0000eba8b412aee0 nmethod 3343 0x0000eba89ce98210 code [0x0000eba89ce983c0, 0x0000eba89ce98678]
Event: 0.632 Thread 0x0000eba8b412aee0 3342       3       java.lang.CharacterDataLatin1::equalsIgnoreCase (63 bytes)
Event: 0.632 Thread 0x0000eba8b412aee0 nmethod 3342 0x0000eba89ce98810 code [0x0000eba89ce989c0, 0x0000eba89ce98c50]
Event: 0.632 Thread 0x0000eba8b412aee0 3344       3       java.lang.String::regionMatches (150 bytes)
Event: 0.632 Thread 0x0000eba8b412aee0 nmethod 3344 0x0000eba89ce98d10 code [0x0000eba89ce98fc0, 0x0000eba89ce99870]
Event: 0.632 Thread 0x0000eba8b412aee0 3341       3       java.util.AbstractSet::<init> (5 bytes)
Event: 0.632 Thread 0x0000eba8b412aee0 nmethod 3341 0x0000eba89ce99b90 code [0x0000eba89ce99d40, 0x0000eba89ce99f18]
Event: 0.633 Thread 0x0000eba8b412aee0 3345       3       java.lang.invoke.VarHandleByteArrayAsInts$ArrayHandle::index (12 bytes)
Event: 0.633 Thread 0x0000eba8b412aee0 nmethod 3345 0x0000eba89ce9a010 code [0x0000eba89ce9a1c0, 0x0000eba89ce9a2f8]
Event: 0.633 Thread 0x0000eba8b412aee0 3346       3       java.lang.invoke.VarHandleByteArrayAsInts$ArrayHandle::get (36 bytes)
Event: 0.633 Thread 0x0000eba8b412aee0 nmethod 3346 0x0000eba89ce9a410 code [0x0000eba89ce9a600, 0x0000eba89ce9aa70]
Event: 0.634 Thread 0x0000eba8b412aee0 3347       1       java.lang.invoke.MethodHandleImpl$IntrinsicMethodHandle::getTarget (5 bytes)
Event: 0.634 Thread 0x0000eba8b412aee0 nmethod 3347 0x0000eba8a43e3190 code [0x0000eba8a43e3300, 0x0000eba8a43e33a8]

GC Heap History (5 events):
Event: 0.197 GC heap before
{Heap before GC invocations=0 (full 0):
 garbage-first heap   total 120832K, used 23601K [0x000000008c600000, 0x0000000100000000)
  region size 1024K, 23 young (23552K), 0 survivors (0K)
 Metaspace       used 5783K, committed 5952K, reserved 1114112K
  class space    used 682K, committed 768K, reserved 1048576K
}
Event: 0.199 GC heap after
{Heap after GC invocations=1 (full 0):
 garbage-first heap   total 120832K, used 4241K [0x000000008c600000, 0x0000000100000000)
  region size 1024K, 3 young (3072K), 3 survivors (3072K)
 Metaspace       used 5783K, committed 5952K, reserved 1114112K
  class space    used 682K, committed 768K, reserved 1048576K
}
Event: 0.504 GC heap before
{Heap before GC invocations=1 (full 0):
 garbage-first heap   total 120832K, used 53393K [0x000000008c600000, 0x0000000100000000)
  region size 1024K, 51 young (52224K), 3 survivors (3072K)
 Metaspace       used 15346K, committed 15552K, reserved 1114112K
  class space    used 1845K, committed 1920K, reserved 1048576K
}
Event: 0.510 GC heap after
{Heap after GC invocations=2 (full 0):
 garbage-first heap   total 120832K, used 8318K [0x000000008c600000, 0x0000000100000000)
  region size 1024K, 7 young (7168K), 7 survivors (7168K)
 Metaspace       used 15346K, committed 15552K, reserved 1114112K
  class space    used 1845K, committed 1920K, reserved 1048576K
}
Event: 0.634 GC heap before
{Heap before GC invocations=2 (full 0):
 garbage-first heap   total 120832K, used 27774K [0x000000008c600000, 0x0000000100000000)
  region size 1024K, 27 young (27648K), 7 survivors (7168K)
 Metaspace       used 21299K, committed 21504K, reserved 1114112K
  class space    used 2539K, committed 2624K, reserved 1048576K
}

Dll operation events (6 events):
Event: 0.001 Loaded shared library /usr/lib/jvm/java-21-openjdk-arm64/lib/libjava.so
Event: 0.019 Loaded shared library /usr/lib/jvm/java-21-openjdk-arm64/lib/libnio.so
Event: 0.021 Loaded shared library /usr/lib/jvm/java-21-openjdk-arm64/lib/libzip.so
Event: 0.026 Loaded shared library /usr/lib/jvm/java-21-openjdk-arm64/lib/libnet.so
Event: 0.060 Loaded shared library /usr/lib/jvm/java-21-openjdk-arm64/lib/libjimage.so
Event: 0.599 Loaded shared library /usr/lib/jvm/java-21-openjdk-arm64/lib/libextnet.so

Deoptimization events (20 events):
Event: 0.620 Thread 0x0000eba8b4019d60 Uncommon trap: trap_request=0xffffff45 fr.pc=0x0000eba8a43bbfc8 relative=0x00000000000001c8
Event: 0.620 Thread 0x0000eba8b4019d60 Uncommon trap: reason=unstable_if action=reinterpret pc=0x0000eba8a43bbfc8 method=java.util.HashMap.putVal(ILjava/lang/Object;Ljava/lang/Object;ZZ)Ljava/lang/Object; @ 162 c2
Event: 0.620 Thread 0x0000eba8b4019d60 DEOPT PACKING pc=0x0000eba8a43bbfc8 sp=0x0000eba8ba409ac0
Event: 0.621 Thread 0x0000eba8b4019d60 DEOPT UNPACKING pc=0x0000eba8a3d7a01c sp=0x0000eba8ba409a20 mode 2
Event: 0.626 Thread 0x0000eba8b4019d60 Uncommon trap: trap_request=0xffffff3d fr.pc=0x0000eba8a4346118 relative=0x0000000000000258
Event: 0.626 Thread 0x0000eba8b4019d60 Uncommon trap: reason=unstable_fused_if action=reinterpret pc=0x0000eba8a4346118 method=java.lang.CharacterDataLatin1.equalsIgnoreCase(BB)Z @ 16 c2
Event: 0.626 Thread 0x0000eba8b4019d60 DEOPT PACKING pc=0x0000eba8a4346118 sp=0x0000eba8ba40a270
Event: 0.626 Thread 0x0000eba8b4019d60 DEOPT UNPACKING pc=0x0000eba8a3d7a01c sp=0x0000eba8ba40a0b0 mode 2
Event: 0.632 Thread 0x0000eba8b4019d60 Uncommon trap: trap_request=0xffffff3d fr.pc=0x0000eba8a4343df4 relative=0x0000000000000174
Event: 0.632 Thread 0x0000eba8b4019d60 Uncommon trap: reason=unstable_fused_if action=reinterpret pc=0x0000eba8a4343df4 method=java.lang.CharacterDataLatin1.equalsIgnoreCase(BB)Z @ 16 c2
Event: 0.632 Thread 0x0000eba8b4019d60 DEOPT PACKING pc=0x0000eba8a4343df4 sp=0x0000eba8ba40b140
Event: 0.632 Thread 0x0000eba8b4019d60 DEOPT UNPACKING pc=0x0000eba8a3d7a01c sp=0x0000eba8ba40b060 mode 2
Event: 0.632 Thread 0x0000eba8b4019d60 Uncommon trap: trap_request=0xffffff3d fr.pc=0x0000eba8a43433f8 relative=0x0000000000000078
Event: 0.632 Thread 0x0000eba8b4019d60 Uncommon trap: reason=unstable_fused_if action=reinterpret pc=0x0000eba8a43433f8 method=java.lang.CharacterDataLatin1.equalsIgnoreCase(BB)Z @ 16 c2
Event: 0.632 Thread 0x0000eba8b4019d60 DEOPT PACKING pc=0x0000eba8a43433f8 sp=0x0000eba8ba40b0e0
Event: 0.632 Thread 0x0000eba8b4019d60 DEOPT UNPACKING pc=0x0000eba8a3d7a01c sp=0x0000eba8ba40b070 mode 2
Event: 0.632 Thread 0x0000eba8b4019d60 Uncommon trap: trap_request=0xffffff6e fr.pc=0x0000eba8a43b9334 relative=0x0000000000000634
Event: 0.632 Thread 0x0000eba8b4019d60 Uncommon trap: reason=loop_limit_check action=maybe_recompile pc=0x0000eba8a43b9334 method=java.util.regex.Pattern$Start.match(Ljava/util/regex/Matcher;ILjava/lang/CharSequence;)Z @ 34 c2
Event: 0.632 Thread 0x0000eba8b4019d60 DEOPT PACKING pc=0x0000eba8a43b9334 sp=0x0000eba8ba40ad00
Event: 0.632 Thread 0x0000eba8b4019d60 DEOPT UNPACKING pc=0x0000eba8a3d7a01c sp=0x0000eba8ba40ac30 mode 2

Classes loaded (20 events):
Event: 0.633 Loading class sun/security/ssl/AlpnExtension$SHAlpnAbsence done
Event: 0.633 Loading class sun/security/ssl/AlpnExtension$AlpnStringizer
Event: 0.633 Loading class sun/security/ssl/AlpnExtension$AlpnStringizer done
Event: 0.634 Loading class sun/security/ssl/ExtendedMasterSecretExtension
Event: 0.634 Loading class sun/security/ssl/ExtendedMasterSecretExtension done
Event: 0.634 Loading class sun/security/ssl/ExtendedMasterSecretExtension$CHExtendedMasterSecretProducer
Event: 0.634 Loading class sun/security/ssl/ExtendedMasterSecretExtension$CHExtendedMasterSecretProducer done
Event: 0.634 Loading class sun/security/ssl/ExtendedMasterSecretExtension$CHExtendedMasterSecretConsumer
Event: 0.634 Loading class sun/security/ssl/ExtendedMasterSecretExtension$CHExtendedMasterSecretConsumer done
Event: 0.634 Loading class sun/security/ssl/ExtendedMasterSecretExtension$CHExtendedMasterSecretAbsence
Event: 0.634 Loading class sun/security/ssl/ExtendedMasterSecretExtension$CHExtendedMasterSecretAbsence done
Event: 0.634 Loading class sun/security/ssl/ExtendedMasterSecretExtension$SHExtendedMasterSecretProducer
Event: 0.634 Loading class sun/security/ssl/ExtendedMasterSecretExtension$SHExtendedMasterSecretProducer done
Event: 0.634 Loading class sun/security/ssl/ExtendedMasterSecretExtension$SHExtendedMasterSecretConsumer
Event: 0.634 Loading class sun/security/ssl/ExtendedMasterSecretExtension$SHExtendedMasterSecretConsumer done
Event: 0.634 Loading class sun/security/ssl/ExtendedMasterSecretExtension$SHExtendedMasterSecretAbsence
Event: 0.634 Loading class sun/security/ssl/ExtendedMasterSecretExtension$SHExtendedMasterSecretAbsence done
Event: 0.634 Loading class sun/security/ssl/ExtendedMasterSecretExtension$ExtendedMasterSecretStringizer
Event: 0.634 Loading class sun/security/ssl/ExtendedMasterSecretExtension$ExtendedMasterSecretStringizer done
Event: 0.634 Loading class sun/security/ssl/SessionTicketExtension

Classes unloaded (0 events):
No events

Classes redefined (0 events):
No events

Internal exceptions (20 events):
Event: 0.357 Thread 0x0000eba8b4019d60 Exception <a 'java/lang/NoSuchMethodError'{0x0000000091cfb1e0}: 'long java.lang.invoke.DirectMethodHandle$Holder.invokeStatic(java.lang.Object, java.lang.Object, int)'> (0x0000000091cfb1e0) 
thrown [./src/hotspot/share/interpreter/linkResolver.cpp, line 772]
Event: 0.358 Thread 0x0000eba8b4019d60 Exception <a 'java/lang/NoSuchMethodError'{0x0000000091b0e988}: 'java.lang.Object java.lang.invoke.DirectMethodHandle$Holder.invokeStatic(java.lang.Object, java.lang.Object, java.lang.Object, java.lang.Object, int)'> (0x0000000091b0e988) 
thrown [./src/hotspot/share/interpreter/linkResolver.cpp, line 772]
Event: 0.358 Thread 0x0000eba8b4019d60 Exception <a 'java/lang/NoSuchMethodError'{0x0000000091b16b60}: 'java.lang.Object java.lang.invoke.DirectMethodHandle$Holder.invokeSpecial(java.lang.Object, java.lang.Object, java.lang.Object, java.lang.Object, long)'> (0x0000000091b16b60) 
thrown [./src/hotspot/share/interpreter/linkResolver.cpp, line 772]
Event: 0.358 Thread 0x0000eba8b4019d60 Exception <a 'java/lang/NoSuchMethodError'{0x0000000091b22960}: 'java.lang.Object java.lang.invoke.DirectMethodHandle$Holder.invokeSpecial(java.lang.Object, java.lang.Object, java.lang.Object, int, java.lang.Object)'> (0x0000000091b22960) 
thrown [./src/hotspot/share/interpreter/linkResolver.cpp, line 772]
Event: 0.359 Thread 0x0000eba8b4019d60 Exception <a 'java/lang/NoSuchMethodError'{0x0000000091b2acb0}: 'int java.lang.invoke.DirectMethodHandle$Holder.invokeSpecial(java.lang.Object, java.lang.Object, java.lang.Object, int)'> (0x0000000091b2acb0) 
thrown [./src/hotspot/share/interpreter/linkResolver.cpp, line 772]
Event: 0.360 Thread 0x0000eba8b4019d60 Implicit null exception at 0x0000eba8a4344ce8 to 0x0000eba8a4344ea4
Event: 0.360 Thread 0x0000eba8b4019d60 Exception <a 'java/lang/NoSuchMethodError'{0x0000000091b4f5d8}: 'java.lang.Object java.lang.invoke.Invokers$Holder.invokeExact_MT(java.lang.Object, int, java.lang.Object)'> (0x0000000091b4f5d8) 
thrown [./src/hotspot/share/interpreter/linkResolver.cpp, line 772]
Event: 0.362 Thread 0x0000eba8b4019d60 Exception <a 'java/lang/NoSuchMethodError'{0x0000000091ba5010}: 'void java.lang.invoke.DirectMethodHandle$Holder.invokeStatic(java.lang.Object, java.lang.Object)'> (0x0000000091ba5010) 
thrown [./src/hotspot/share/interpreter/linkResolver.cpp, line 772]
Event: 0.413 Thread 0x0000eba8b4019d60 Exception <a 'java/lang/NoSuchMethodError'{0x00000000914ff818}: 'void java.lang.invoke.Invokers$Holder.invokeExact_MT(java.lang.Object, java.lang.Object, java.lang.Object, java.lang.Object)'> (0x00000000914ff818) 
thrown [./src/hotspot/share/interpreter/linkResolver.cpp, line 772]
Event: 0.418 Thread 0x0000eba8b4019d60 Exception <a 'java/lang/NoClassDefFoundError'{0x0000000091387720}: com/google/inject/servlet/ServletModuleTargetVisitor> (0x0000000091387720) 
thrown [./src/hotspot/share/classfile/systemDictionary.cpp, line 301]
Event: 0.432 Thread 0x0000eba8b4019d60 Exception <a 'java/lang/NoSuchMethodError'{0x0000000091145ac8}: 'void java.lang.invoke.DirectMethodHandle$Holder.invokeVirtual(java.lang.Object, java.lang.Object)'> (0x0000000091145ac8) 
thrown [./src/hotspot/share/interpreter/linkResolver.cpp, line 772]
Event: 0.467 Thread 0x0000eba8b4019d60 Exception <a 'java/lang/NoSuchMethodError'{0x0000000090c529c0}: 'void java.lang.invoke.DirectMethodHandle$Holder.invokeSpecial(java.lang.Object, java.lang.Object, java.lang.Object, java.lang.Object, java.lang.Object)'> (0x0000000090c529c0) 
thrown [./src/hotspot/share/interpreter/linkResolver.cpp, line 772]
Event: 0.468 Thread 0x0000eba8b4019d60 Exception <a 'java/lang/NoSuchMethodError'{0x0000000090c6cd88}: 'java.lang.Object java.lang.invoke.DirectMethodHandle$Holder.invokeVirtual(java.lang.Object, java.lang.Object, java.lang.Object)'> (0x0000000090c6cd88) 
thrown [./src/hotspot/share/interpreter/linkResolver.cpp, line 772]
Event: 0.468 Thread 0x0000eba8b4019d60 Exception <a 'java/lang/NoSuchMethodError'{0x0000000090c7a190}: 'void java.lang.invoke.DirectMethodHandle$Holder.invokeSpecial(java.lang.Object, java.lang.Object, java.lang.Object, java.lang.Object, java.lang.Object, java.lang.Object)'> (0x0000000090c7a190) 
thrown [./src/hotspot/share/interpreter/linkResolver.cpp, line 772]
Event: 0.475 Thread 0x0000eba8b4019d60 Exception <a 'java/lang/NoSuchMethodError'{0x0000000090b8c638}: 'void java.lang.invoke.DirectMethodHandle$Holder.invokeVirtual(java.lang.Object, java.lang.Object, int)'> (0x0000000090b8c638) 
thrown [./src/hotspot/share/interpreter/linkResolver.cpp, line 772]
Event: 0.475 Thread 0x0000eba8b4019d60 Exception <a 'java/lang/NoSuchMethodError'{0x0000000090b90448}: 'void java.lang.invoke.DirectMethodHandle$Holder.invokeSpecial(java.lang.Object, java.lang.Object, java.lang.Object, int)'> (0x0000000090b90448) 
thrown [./src/hotspot/share/interpreter/linkResolver.cpp, line 772]
Event: 0.475 Thread 0x0000eba8b4019d60 Exception <a 'java/lang/NoSuchMethodError'{0x0000000090b93b28}: 'void java.lang.invoke.DelegatingMethodHandle$Holder.reinvoke_L(java.lang.Object, java.lang.Object, int)'> (0x0000000090b93b28) 
thrown [./src/hotspot/share/interpreter/linkResolver.cpp, line 772]
Event: 0.531 Thread 0x0000eba8b4019d60 Exception <a 'java/lang/NoSuchMethodError'{0x0000000093414e50}: 'java.lang.Object java.lang.invoke.DirectMethodHandle$Holder.invokeStaticInit(java.lang.Object, java.lang.Object, java.lang.Object)'> (0x0000000093414e50) 
thrown [./src/hotspot/share/interpreter/linkResolver.cpp, line 772]
Event: 0.585 Thread 0x0000eba8b4019d60 Exception <a 'java/lang/NoSuchMethodError'{0x000000009291e618}: 'void java.lang.invoke.DirectMethodHandle$Holder.invokeInterface(java.lang.Object, java.lang.Object)'> (0x000000009291e618) 
thrown [./src/hotspot/share/interpreter/linkResolver.cpp, line 772]
Event: 0.588 Thread 0x0000eba8b4019d60 Exception <a 'sun/nio/fs/UnixException'{0x00000000929b97c0}> (0x00000000929b97c0) 
thrown [./src/hotspot/share/prims/jni.cpp, line 520]

ZGC Phase Switch (0 events):
No events

VM Operations (20 events):
Event: 0.510 Executing safepoint VM operation: G1CollectForAllocation (G1 Evacuation Pause) done
Event: 0.527 Executing non-safepoint VM operation: HandshakeAllThreads (Deoptimize)
Event: 0.527 Executing non-safepoint VM operation: HandshakeAllThreads (Deoptimize) done
Event: 0.551 Executing non-safepoint VM operation: HandshakeAllThreads (Deoptimize)
Event: 0.551 Executing non-safepoint VM operation: HandshakeAllThreads (Deoptimize) done
Event: 0.568 Executing safepoint VM operation: ICBufferFull
Event: 0.568 Executing safepoint VM operation: ICBufferFull done
Event: 0.589 Executing non-safepoint VM operation: HandshakeAllThreads (Deoptimize)
Event: 0.589 Executing non-safepoint VM operation: HandshakeAllThreads (Deoptimize) done
Event: 0.589 Executing non-safepoint VM operation: HandshakeAllThreads (Deoptimize)
Event: 0.589 Executing non-safepoint VM operation: HandshakeAllThreads (Deoptimize) done
Event: 0.594 Executing non-safepoint VM operation: HandshakeAllThreads (Deoptimize)
Event: 0.594 Executing non-safepoint VM operation: HandshakeAllThreads (Deoptimize) done
Event: 0.597 Executing non-safepoint VM operation: HandshakeAllThreads (Deoptimize)
Event: 0.597 Executing non-safepoint VM operation: HandshakeAllThreads (Deoptimize) done
Event: 0.621 Executing non-safepoint VM operation: HandshakeAllThreads (Deoptimize)
Event: 0.621 Executing non-safepoint VM operation: HandshakeAllThreads (Deoptimize) done
Event: 0.632 Executing non-safepoint VM operation: HandshakeAllThreads (Deoptimize)
Event: 0.632 Executing non-safepoint VM operation: HandshakeAllThreads (Deoptimize) done
Event: 0.634 Executing safepoint VM operation: CollectForMetadataAllocation (Metadata GC Threshold)

Memory protections (12 events):
Event: 0.001 Protecting memory [0x0000eba8ba212000,0x0000eba8ba216000] with protection modes 0
Event: 0.013 Protecting memory [0x0000eba877802000,0x0000eba877806000] with protection modes 0
Event: 0.014 Protecting memory [0x0000eba877604000,0x0000eba877608000] with protection modes 0
Event: 0.014 Protecting memory [0x0000eba877406000,0x0000eba87740a000] with protection modes 0
Event: 0.015 Protecting memory [0x0000eba877208000,0x0000eba87720c000] with protection modes 0
Event: 0.015 Protecting memory [0x0000eba87700a000,0x0000eba87700e000] with protection modes 0
Event: 0.015 Protecting memory [0x0000eba876e0c000,0x0000eba876e10000] with protection modes 0
Event: 0.016 Protecting memory [0x0000eba876c0e000,0x0000eba876c12000] with protection modes 0
Event: 0.018 Protecting memory [0x0000eba876a10000,0x0000eba876a14000] with protection modes 0
Event: 0.019 Protecting memory [0x0000eba876812000,0x0000eba876816000] with protection modes 0
Event: 0.059 Protecting memory [0x0000eba876614000,0x0000eba876618000] with protection modes 0
Event: 0.454 Protecting memory [0x0000eba876614000,0x0000eba876618000] with protection modes 0

Nmethod flushes (0 events):
No events

Events (13 events):
Event: 0.009 Thread 0x0000eba8b4019d60 Thread added: 0x0000eba8b4019d60
Event: 0.013 Thread 0x0000eba8b4019d60 Thread added: 0x0000eba8b41222e0
Event: 0.014 Thread 0x0000eba8b4019d60 Thread added: 0x0000eba8b41238f0
Event: 0.014 Thread 0x0000eba8b4019d60 Thread added: 0x0000eba8b41250b0
Event: 0.015 Thread 0x0000eba8b4019d60 Thread added: 0x0000eba8b4126720
Event: 0.015 Thread 0x0000eba8b4019d60 Thread added: 0x0000eba8b4127cf0
Event: 0.015 Thread 0x0000eba8b4019d60 Thread added: 0x0000eba8b41297f0
Event: 0.016 Thread 0x0000eba8b4019d60 Thread added: 0x0000eba8b412aee0
Event: 0.018 Thread 0x0000eba8b4019d60 Thread added: 0x0000eba8b4136fc0
Event: 0.019 Thread 0x0000eba8b4019d60 Thread added: 0x0000eba8b413a2d0
Event: 0.059 Thread 0x0000eba8b4019d60 Thread added: 0x0000eba8b436ee30
Event: 0.061 Thread 0x0000eba8b436ee30 Thread exited: 0x0000eba8b436ee30
Event: 0.454 Thread 0x0000eba8b4019d60 Thread added: 0x0000eba8b498f950


Dynamic libraries:
8c600000-93a00000 rw-p 00000000 00:00 0 
93a00000-ffe00000 ---p 00000000 00:00 0 
ffe00000-fff0d000 rw-p 00d00000 08:02 1061705                            /usr/lib/jvm/java-21-openjdk-arm64/lib/server/classes.jsa
fff0d000-100000000 rw-p 00000000 00:00 0 
8000000000-8000cb0000 rw-p 00010000 08:02 1061705                        /usr/lib/jvm/java-21-openjdk-arm64/lib/server/classes.jsa
8000cb0000-8001000000 ---p 00000000 00:00 0 
8001000000-8001040000 rw-p 00000000 00:00 0 
8001040000-8001080000 rw-p 00000000 00:00 0 
8001080000-80011c0000 rw-p 00000000 00:00 0 
80011c0000-8001200000 rw-p 00000000 00:00 0 
8001200000-8001240000 rw-p 00000000 00:00 0 
8001240000-8001280000 rw-p 00000000 00:00 0 
8001280000-8001290000 rw-p 00000000 00:00 0 
8001290000-8041000000 ---p 00000000 00:00 0 
c275d1720000-c275d1722000 r-xp 00000000 08:02 1061552                    /usr/lib/jvm/java-21-openjdk-arm64/bin/java
c275d173f000-c275d1740000 r--p 0000f000 08:02 1061552                    /usr/lib/jvm/java-21-openjdk-arm64/bin/java
c275d1740000-c275d1741000 rw-p 00010000 08:02 1061552                    /usr/lib/jvm/java-21-openjdk-arm64/bin/java
c275f44f1000-c275f4538000 rw-p 00000000 00:00 0                          [heap]
eba830000000-eba830021000 rw-p 00000000 00:00 0 
eba830021000-eba834000000 ---p 00000000 00:00 0 
eba834000000-eba834021000 rw-p 00000000 00:00 0 
eba834021000-eba838000000 ---p 00000000 00:00 0 
eba838000000-eba838025000 rw-p 00000000 00:00 0 
eba838025000-eba83c000000 ---p 00000000 00:00 0 
eba83c000000-eba83c021000 rw-p 00000000 00:00 0 
eba83c021000-eba840000000 ---p 00000000 00:00 0 
eba840000000-eba840021000 rw-p 00000000 00:00 0 
eba840021000-eba844000000 ---p 00000000 00:00 0 
eba844000000-eba844021000 rw-p 00000000 00:00 0 
eba844021000-eba848000000 ---p 00000000 00:00 0 
eba848000000-eba848021000 rw-p 00000000 00:00 0 
eba848021000-eba84c000000 ---p 00000000 00:00 0 
eba84c000000-eba84c021000 rw-p 00000000 00:00 0 
eba84c021000-eba850000000 ---p 00000000 00:00 0 
eba850000000-eba850021000 rw-p 00000000 00:00 0 
eba850021000-eba854000000 ---p 00000000 00:00 0 
eba854000000-eba854021000 rw-p 00000000 00:00 0 
eba854021000-eba858000000 ---p 00000000 00:00 0 
eba858000000-eba858538000 rw-p 00000000 00:00 0 
eba858538000-eba85c000000 ---p 00000000 00:00 0 
eba85c000000-eba85c49d000 rw-p 00000000 00:00 0 
eba85c49d000-eba860000000 ---p 00000000 00:00 0 
eba860000000-eba860021000 rw-p 00000000 00:00 0 
eba860021000-eba864000000 ---p 00000000 00:00 0 
eba864000000-eba864021000 rw-p 00000000 00:00 0 
eba864021000-eba868000000 ---p 00000000 00:00 0 
eba868000000-eba868021000 rw-p 00000000 00:00 0 
eba868021000-eba86c000000 ---p 00000000 00:00 0 
eba86c000000-eba86c021000 rw-p 00000000 00:00 0 
eba86c021000-eba870000000 ---p 00000000 00:00 0 
eba870000000-eba870021000 rw-p 00000000 00:00 0 
eba870021000-eba874000000 ---p 00000000 00:00 0 
eba8752e7000-eba8757b2000 rw-p 00000000 00:00 0 
eba8757b2000-eba876614000 rw-p 00000000 00:00 0 
eba876614000-eba876618000 ---p 00000000 00:00 0 
eba876618000-eba876812000 rw-p 00000000 00:00 0 
eba876812000-eba876816000 ---p 00000000 00:00 0 
eba876816000-eba876a10000 rw-p 00000000 00:00 0 
eba876a10000-eba876a14000 ---p 00000000 00:00 0 
eba876a14000-eba876c0e000 rw-p 00000000 00:00 0 
eba876c0e000-eba876c12000 ---p 00000000 00:00 0 
eba876c12000-eba876e0c000 rw-p 00000000 00:00 0 
eba876e0c000-eba876e10000 ---p 00000000 00:00 0 
eba876e10000-eba87700a000 rw-p 00000000 00:00 0 
eba87700a000-eba87700e000 ---p 00000000 00:00 0 
eba87700e000-eba877208000 rw-p 00000000 00:00 0 
eba877208000-eba87720c000 ---p 00000000 00:00 0 
eba87720c000-eba877406000 rw-p 00000000 00:00 0 
eba877406000-eba87740a000 ---p 00000000 00:00 0 
eba87740a000-eba877604000 rw-p 00000000 00:00 0 
eba877604000-eba877608000 ---p 00000000 00:00 0 
eba877608000-eba877802000 rw-p 00000000 00:00 0 
eba877802000-eba877806000 ---p 00000000 00:00 0 
eba877806000-eba877a00000 rw-p 00000000 00:00 0 
eba877a00000-eba877f76000 r--p 00000000 08:02 1049593                    /usr/lib/locale/locale-archive
eba878000000-eba878400000 rw-p 00000000 00:00 0 
eba878400000-eba878e40000 rw-p 00000000 00:00 0 
eba878e40000-eba878e80000 rw-p 00000000 00:00 0 
eba878e80000-eba878f00000 rw-p 00000000 00:00 0 
eba878f00000-eba879200000 rw-p 00000000 00:00 0 
eba879200000-eba879210000 rw-p 00000000 00:00 0 
eba879210000-eba879300000 ---p 00000000 00:00 0 
eba879300000-eba879360000 rw-p 00000000 00:00 0 
eba879360000-eba87c000000 ---p 00000000 00:00 0 
eba87c000000-eba87c021000 rw-p 00000000 00:00 0 
eba87c021000-eba880000000 ---p 00000000 00:00 0 
eba880000000-eba880021000 rw-p 00000000 00:00 0 
eba880021000-eba884000000 ---p 00000000 00:00 0 
eba884000000-eba884021000 rw-p 00000000 00:00 0 
eba884021000-eba888000000 ---p 00000000 00:00 0 
eba888000000-eba888021000 rw-p 00000000 00:00 0 
eba888021000-eba88c000000 ---p 00000000 00:00 0 
eba88c000000-eba88c021000 rw-p 00000000 00:00 0 
eba88c021000-eba890000000 ---p 00000000 00:00 0 
eba890000000-eba890021000 rw-p 00000000 00:00 0 
eba890021000-eba894000000 ---p 00000000 00:00 0 
eba894000000-eba894021000 rw-p 00000000 00:00 0 
eba894021000-eba898000000 ---p 00000000 00:00 0 
eba8981c8000-eba898a00000 rw-p 00000000 00:00 0 
eba898a00000-eba89aa00000 rw-p 00000000 00:00 0 
eba89ab18000-eba89ace8000 rw-p 00000000 00:00 0 
eba89ace8000-eba89c7f8000 ---p 00000000 00:00 0 
eba89c7f8000-eba89c800000 rw-p 00000000 00:00 0 
eba89c800000-eba89cea0000 rwxp 00000000 00:00 0 
eba89cea0000-eba8a3d37000 ---p 00000000 00:00 0 
eba8a3d37000-eba8a3fa7000 rwxp 00000000 00:00 0 
eba8a3fa7000-eba8a42c9000 ---p 00000000 00:00 0 
eba8a42c9000-eba8a4539000 rwxp 00000000 00:00 0 
eba8a4539000-eba8ab800000 ---p 00000000 00:00 0 
eba8ab800000-eba8b3e52000 r--s 00000000 08:02 1061702                    /usr/lib/jvm/java-21-openjdk-arm64/lib/modules
eba8b3fd0000-eba8b3fd2000 r-xp 00000000 08:02 1061672                    /usr/lib/jvm/java-21-openjdk-arm64/lib/libextnet.so
eba8b3fd2000-eba8b3fef000 ---p 00002000 08:02 1061672                    /usr/lib/jvm/java-21-openjdk-arm64/lib/libextnet.so
eba8b3fef000-eba8b3ff0000 r--p 0000f000 08:02 1061672                    /usr/lib/jvm/java-21-openjdk-arm64/lib/libextnet.so
eba8b3ff0000-eba8b3ff1000 rw-p 00010000 08:02 1061672                    /usr/lib/jvm/java-21-openjdk-arm64/lib/libextnet.so
eba8b4000000-eba8b4ad0000 rw-p 00000000 00:00 0 
eba8b4ad0000-eba8b8000000 ---p 00000000 00:00 0 
eba8b8010000-eba8b8013000 r-xp 00000000 08:02 1054022                    /usr/lib/aarch64-linux-gnu/libnss_mdns4_minimal.so.2
eba8b8013000-eba8b802f000 ---p 00003000 08:02 1054022                    /usr/lib/aarch64-linux-gnu/libnss_mdns4_minimal.so.2
eba8b802f000-eba8b8030000 r--p 0000f000 08:02 1054022                    /usr/lib/aarch64-linux-gnu/libnss_mdns4_minimal.so.2
eba8b8030000-eba8b8031000 rw-p 00010000 08:02 1054022                    /usr/lib/aarch64-linux-gnu/libnss_mdns4_minimal.so.2
eba8b8040000-eba8b8048000 r-xp 00000000 08:02 1061701                    /usr/lib/jvm/java-21-openjdk-arm64/lib/libzip.so
eba8b8048000-eba8b805f000 ---p 00008000 08:02 1061701                    /usr/lib/jvm/java-21-openjdk-arm64/lib/libzip.so
eba8b805f000-eba8b8060000 r--p 0000f000 08:02 1061701                    /usr/lib/jvm/java-21-openjdk-arm64/lib/libzip.so
eba8b8060000-eba8b8061000 rw-p 00010000 08:02 1061701                    /usr/lib/jvm/java-21-openjdk-arm64/lib/libzip.so
eba8b8070000-eba8b807c000 r-xp 00000000 08:02 1061692                    /usr/lib/jvm/java-21-openjdk-arm64/lib/libnet.so
eba8b807c000-eba8b808f000 ---p 0000c000 08:02 1061692                    /usr/lib/jvm/java-21-openjdk-arm64/lib/libnet.so
eba8b808f000-eba8b8090000 r--p 0000f000 08:02 1061692                    /usr/lib/jvm/java-21-openjdk-arm64/lib/libnet.so
eba8b8090000-eba8b8091000 rw-p 00010000 08:02 1061692                    /usr/lib/jvm/java-21-openjdk-arm64/lib/libnet.so
eba8b80a0000-eba8b80b4000 r-xp 00000000 08:02 1061694                    /usr/lib/jvm/java-21-openjdk-arm64/lib/libnio.so
eba8b80b4000-eba8b80cf000 ---p 00014000 08:02 1061694                    /usr/lib/jvm/java-21-openjdk-arm64/lib/libnio.so
eba8b80cf000-eba8b80d0000 r--p 0001f000 08:02 1061694                    /usr/lib/jvm/java-21-openjdk-arm64/lib/libnio.so
eba8b80d0000-eba8b80d1000 rw-p 00020000 08:02 1061694                    /usr/lib/jvm/java-21-openjdk-arm64/lib/libnio.so
eba8b80de000-eba8b8a03000 rw-p 00000000 00:00 0 
eba8b8a03000-eba8b902d000 rw-p 00000000 00:00 0 
eba8b902d000-eba8b90c2000 rw-p 00000000 00:00 0 
eba8b90c2000-eba8b9424000 ---p 00000000 00:00 0 
eba8b9424000-eba8b945f000 rw-p 00000000 00:00 0 
eba8b945f000-eba8b97c1000 ---p 00000000 00:00 0 
eba8b97c1000-eba8b9fcf000 rw-p 00000000 00:00 0 
eba8b9fcf000-eba8ba0b5000 ---p 00000000 00:00 0 
eba8ba0b5000-eba8ba0c3000 rw-p 00000000 00:00 0 
eba8ba0c3000-eba8ba1a0000 ---p 00000000 00:00 0 
eba8ba1a0000-eba8ba1c3000 r-xp 00000000 08:02 1061679                    /usr/lib/jvm/java-21-openjdk-arm64/lib/libjava.so
eba8ba1c3000-eba8ba1df000 ---p 00023000 08:02 1061679                    /usr/lib/jvm/java-21-openjdk-arm64/lib/libjava.so
eba8ba1df000-eba8ba1e0000 r--p 0002f000 08:02 1061679                    /usr/lib/jvm/java-21-openjdk-arm64/lib/libjava.so
eba8ba1e0000-eba8ba1e1000 rw-p 00030000 08:02 1061679                    /usr/lib/jvm/java-21-openjdk-arm64/lib/libjava.so
eba8ba1e1000-eba8ba1e2000 rw-p 00000000 00:00 0 
eba8ba1f0000-eba8ba1f5000 r-xp 00000000 08:02 1061682                    /usr/lib/jvm/java-21-openjdk-arm64/lib/libjimage.so
eba8ba1f5000-eba8ba20f000 ---p 00005000 08:02 1061682                    /usr/lib/jvm/java-21-openjdk-arm64/lib/libjimage.so
eba8ba20f000-eba8ba210000 r--p 0000f000 08:02 1061682                    /usr/lib/jvm/java-21-openjdk-arm64/lib/libjimage.so
eba8ba210000-eba8ba211000 rw-p 00010000 08:02 1061682                    /usr/lib/jvm/java-21-openjdk-arm64/lib/libjimage.so
eba8ba212000-eba8ba216000 ---p 00000000 00:00 0 
eba8ba216000-eba8ba410000 rw-p 00000000 00:00 0 
eba8ba410000-eba8ba42f000 r-xp 00000000 08:02 1053766                    /usr/lib/aarch64-linux-gnu/libgcc_s.so.1
eba8ba42f000-eba8ba43f000 ---p 0001f000 08:02 1053766                    /usr/lib/aarch64-linux-gnu/libgcc_s.so.1
eba8ba43f000-eba8ba440000 r--p 0001f000 08:02 1053766                    /usr/lib/aarch64-linux-gnu/libgcc_s.so.1
eba8ba440000-eba8ba441000 rw-p 00020000 08:02 1053766                    /usr/lib/aarch64-linux-gnu/libgcc_s.so.1
eba8ba450000-eba8ba4f1000 r-xp 00000000 08:02 1052688                    /usr/lib/aarch64-linux-gnu/libm.so.6
eba8ba4f1000-eba8ba50f000 ---p 000a1000 08:02 1052688                    /usr/lib/aarch64-linux-gnu/libm.so.6
eba8ba50f000-eba8ba510000 r--p 000af000 08:02 1052688                    /usr/lib/aarch64-linux-gnu/libm.so.6
eba8ba510000-eba8ba511000 rw-p 000b0000 08:02 1052688                    /usr/lib/aarch64-linux-gnu/libm.so.6
eba8ba520000-eba8ba794000 r-xp 00000000 08:02 1054182                    /usr/lib/aarch64-linux-gnu/libstdc++.so.6.0.34
eba8ba794000-eba8ba7a1000 ---p 00274000 08:02 1054182                    /usr/lib/aarch64-linux-gnu/libstdc++.so.6.0.34
eba8ba7a1000-eba8ba7b0000 r--p 00281000 08:02 1054182                    /usr/lib/aarch64-linux-gnu/libstdc++.so.6.0.34
eba8ba7b0000-eba8ba7b3000 rw-p 00290000 08:02 1054182                    /usr/lib/aarch64-linux-gnu/libstdc++.so.6.0.34
eba8ba7b3000-eba8ba7b7000 rw-p 00000000 00:00 0 
eba8ba7c0000-eba8bbb97000 r-xp 00000000 08:02 1061712                    /usr/lib/jvm/java-21-openjdk-arm64/lib/server/libjvm.so
eba8bbb97000-eba8bbba3000 ---p 013d7000 08:02 1061712                    /usr/lib/jvm/java-21-openjdk-arm64/lib/server/libjvm.so
eba8bbba3000-eba8bbc80000 r--p 013e3000 08:02 1061712                    /usr/lib/jvm/java-21-openjdk-arm64/lib/server/libjvm.so
eba8bbc80000-eba8bbcb2000 rw-p 014c0000 08:02 1061712                    /usr/lib/jvm/java-21-openjdk-arm64/lib/server/libjvm.so
eba8bbcb2000-eba8bbd37000 rw-p 00000000 00:00 0 
eba8bbd40000-eba8bbf14000 r-xp 00000000 08:02 1052685                    /usr/lib/aarch64-linux-gnu/libc.so.6
eba8bbf14000-eba8bbf2d000 ---p 001d4000 08:02 1052685                    /usr/lib/aarch64-linux-gnu/libc.so.6
eba8bbf2d000-eba8bbf30000 r--p 001dd000 08:02 1052685                    /usr/lib/aarch64-linux-gnu/libc.so.6
eba8bbf30000-eba8bbf32000 rw-p 001e0000 08:02 1052685                    /usr/lib/aarch64-linux-gnu/libc.so.6
eba8bbf32000-eba8bbf3e000 rw-p 00000000 00:00 0 
eba8bbf40000-eba8bbf4f000 r-xp 00000000 08:02 1061683                    /usr/lib/jvm/java-21-openjdk-arm64/lib/libjli.so
eba8bbf4f000-eba8bbf5f000 ---p 0000f000 08:02 1061683                    /usr/lib/jvm/java-21-openjdk-arm64/lib/libjli.so
eba8bbf5f000-eba8bbf60000 r--p 0000f000 08:02 1061683                    /usr/lib/jvm/java-21-openjdk-arm64/lib/libjli.so
eba8bbf60000-eba8bbf61000 rw-p 00010000 08:02 1061683                    /usr/lib/jvm/java-21-openjdk-arm64/lib/libjli.so
eba8bbf69000-eba8bbf70000 r--s 00000000 08:02 1052674                    /usr/lib/aarch64-linux-gnu/gconv/gconv-modules.cache
eba8bbf70000-eba8bbf8c000 r-xp 00000000 08:02 1054322                    /usr/lib/aarch64-linux-gnu/libz.so.1.3.1
eba8bbf8c000-eba8bbf9f000 ---p 0001c000 08:02 1054322                    /usr/lib/aarch64-linux-gnu/libz.so.1.3.1
eba8bbf9f000-eba8bbfa0000 r--p 0001f000 08:02 1054322                    /usr/lib/aarch64-linux-gnu/libz.so.1.3.1
eba8bbfa0000-eba8bbfa1000 rw-p 00020000 08:02 1054322                    /usr/lib/aarch64-linux-gnu/libz.so.1.3.1
eba8bbfa4000-eba8bbfa9000 rw-p 00000000 00:00 0 
eba8bbfa9000-eba8bbfb0000 ---p 00000000 00:00 0 
eba8bbfb0000-eba8bbfb8000 rw-s 00000000 00:26 720                        /tmp/hsperfdata_vboxuser/13108
eba8bbfb8000-eba8bbfe5000 r-xp 00000000 08:02 1052682                    /usr/lib/aarch64-linux-gnu/ld-linux-aarch64.so.1
eba8bbfe9000-eba8bbfea000 ---p 00000000 00:00 0 
eba8bbfea000-eba8bbfeb000 r--p 00000000 00:00 0 
eba8bbfeb000-eba8bbfec000 ---p 00000000 00:00 0 
eba8bbfec000-eba8bbff0000 rw-p 00000000 00:00 0 
eba8bbff0000-eba8bbff4000 r--p 00000000 00:00 0                          [vvar]
eba8bbff4000-eba8bbff6000 r-xp 00000000 00:00 0                          [vdso]
eba8bbff6000-eba8bbff8000 r--p 0002e000 08:02 1052682                    /usr/lib/aarch64-linux-gnu/ld-linux-aarch64.so.1
eba8bbff8000-eba8bbff9000 rw-p 00030000 08:02 1052682                    /usr/lib/aarch64-linux-gnu/ld-linux-aarch64.so.1
eba8bbff9000-eba8bbffa000 rw-p 00000000 00:00 0 
ffffc0dd0000-ffffc0df2000 rw-p 00000000 00:00 0                          [stack]
Total number of mappings: 199

JVMTI agents: none


VM Arguments:
jvm_args: -Djansi.mode=force -Dclassworlds.conf=/usr/share/maven/bin/m2.conf -Dmaven.home=/usr/share/maven -Dlibrary.jansi.path=/usr/share/maven/lib/jansi-native -Dmaven.multiModuleProjectDirectory=/home/vboxuser/calculator 
java_command: org.codehaus.plexus.classworlds.launcher.Launcher clean test
java_class_path (initial): /usr/share/maven/boot/plexus-classworlds-2.x.jar
Launcher Type: SUN_STANDARD

[Global flags]
     intx CICompilerCount                          = 4                                         {product} {ergonomic}
     uint ConcGCThreads                            = 2                                         {product} {ergonomic}
     uint G1ConcRefinementThreads                  = 8                                         {product} {ergonomic}
   size_t G1HeapRegionSize                         = 1048576                                   {product} {ergonomic}
    uintx GCDrainStackTargetSize                   = 64                                        {product} {ergonomic}
   size_t InitialHeapSize                          = 121634816                                 {product} {ergonomic}
   size_t MarkStackSize                            = 4194304                                   {product} {ergonomic}
   size_t MaxHeapSize                              = 1939865600                                {product} {ergonomic}
   size_t MaxNewSize                               = 1163919360                                {product} {ergonomic}
   size_t MinHeapDeltaBytes                        = 1048576                                   {product} {ergonomic}
   size_t MinHeapSize                              = 8388608                                   {product} {ergonomic}
    uintx NonNMethodCodeHeapSize                   = 5839564                                {pd product} {ergonomic}
    uintx NonProfiledCodeHeapSize                  = 122909338                              {pd product} {ergonomic}
    uintx ProfiledCodeHeapSize                     = 122909338                              {pd product} {ergonomic}
    uintx ReservedCodeCacheSize                    = 251658240                              {pd product} {ergonomic}
     bool SegmentedCodeCache                       = true                                      {product} {ergonomic}
   size_t SoftMaxHeapSize                          = 1939865600                             {manageable} {ergonomic}
     bool UseCompressedOops                        = true                           {product lp64_product} {ergonomic}
     bool UseG1GC                                  = true                                      {product} {ergonomic}

Logging:
Log output configuration:
 #0: stdout all=warning uptime,level,tags foldmultilines=false
 #1: stderr all=off uptime,level,tags foldmultilines=false

Release file:
IMPLEMENTOR="Ubuntu"
JAVA_RUNTIME_VERSION="21.0.10+7-Ubuntu-125.10"
JAVA_VERSION="21.0.10"
JAVA_VERSION_DATE="2026-01-20"
LIBC="gnu"
MODULES="java.base java.compiler java.datatransfer java.xml java.prefs java.desktop java.instrument java.logging java.management java.security.sasl java.naming java.rmi java.management.rmi java.net.http java.scripting java.security.jgss java.transaction.xa java.sql java.sql.rowset java.xml.crypto java.se java.smartcardio jdk.accessibility jdk.internal.jvmstat jdk.attach jdk.charsets jdk.internal.opt jdk.zipfs jdk.compiler jdk.crypto.ec jdk.crypto.cryptoki jdk.dynalink jdk.internal.ed jdk.editpad jdk.hotspot.agent jdk.httpserver jdk.incubator.vector jdk.internal.le jdk.internal.vm.ci jdk.internal.vm.compiler jdk.internal.vm.compiler.management jdk.jartool jdk.javadoc jdk.jcmd jdk.management jdk.management.agent jdk.jconsole jdk.jdeps jdk.jdwp.agent jdk.jdi jdk.jfr jdk.jlink jdk.jpackage jdk.jshell jdk.jsobject jdk.jstatd jdk.localedata jdk.management.jfr jdk.naming.dns jdk.naming.rmi jdk.net jdk.nio.mapmode jdk.random jdk.sctp jdk.security.auth jdk.security.jgss jdk.unsupported jdk.unsupported.desktop jdk.xml.dom"
OS_ARCH="aarch64"
OS_NAME="Linux"
SOURCE=""

Environment Variables:
PATH=/usr/local/sbin:/usr/local/bin:/usr/sbin:/usr/bin:/sbin:/bin:/usr/games:/usr/local/games:/snap/bin:/snap/bin
USERNAME=vboxuser
SHELL=/bin/bash
DISPLAY=:0
WAYLAND_DISPLAY=wayland-0
LANG=en_US.UTF-8
TERM=xterm-256color

Active Locale:
LC_ALL=en_US.UTF-8
LC_COLLATE=en_US.UTF-8
LC_CTYPE=en_US.UTF-8
LC_MESSAGES=en_US.UTF-8
LC_MONETARY=en_US.UTF-8
LC_NUMERIC=en_US.UTF-8
LC_TIME=en_US.UTF-8

Signal Handlers:
   SIGSEGV: crash_handler in libjvm.so, mask=11100100010111111101111111111110, flags=SA_RESTART|SA_SIGINFO, unblocked
    SIGBUS: crash_handler in libjvm.so, mask=11100100010111111101111111111110, flags=SA_RESTART|SA_SIGINFO, unblocked
    SIGFPE: crash_handler in libjvm.so, mask=11100100010111111101111111111110, flags=SA_RESTART|SA_SIGINFO, unblocked
   SIGPIPE: javaSignalHandler in libjvm.so, mask=11100100010111111101111111111110, flags=SA_RESTART|SA_SIGINFO, blocked
   SIGXFSZ: javaSignalHandler in libjvm.so, mask=11100100010111111101111111111110, flags=SA_RESTART|SA_SIGINFO, blocked
    SIGILL: crash_handler in libjvm.so, mask=11100100010111111101111111111110, flags=SA_RESTART|SA_SIGINFO, unblocked
   SIGUSR2: SR_handler in libjvm.so, mask=00000000000000000000000000000000, flags=SA_RESTART|SA_SIGINFO, blocked
    SIGHUP: UserHandler in libjvm.so, mask=11100100010111111101111111111110, flags=SA_RESTART|SA_SIGINFO, blocked
    SIGINT: UserHandler in libjvm.so, mask=11100100010111111101111111111110, flags=SA_RESTART|SA_SIGINFO, blocked
   SIGTERM: UserHandler in libjvm.so, mask=11100100010111111101111111111110, flags=SA_RESTART|SA_SIGINFO, blocked
   SIGQUIT: UserHandler in libjvm.so, mask=11100100010111111101111111111110, flags=SA_RESTART|SA_SIGINFO, blocked
   SIGTRAP: crash_handler in libjvm.so, mask=11100100010111111101111111111110, flags=SA_RESTART|SA_SIGINFO, unblocked


Periodic native trim disabled

---------------  S Y S T E M  ---------------

OS:
DISTRIB_ID=Ubuntu
DISTRIB_RELEASE=25.10
DISTRIB_CODENAME=questing
DISTRIB_DESCRIPTION="Ubuntu 25.10"
uname: Linux 6.17.0-14-generic #14-Ubuntu SMP PREEMPT_DYNAMIC Fri Jan  9 16:29:17 UTC 2026 aarch64
OS uptime: 0 days 0:32 hours
libc: glibc 2.42 NPTL 2.42 
rlimit (soft/hard): STACK 8192k/infinity , CORE 0k/infinity , NPROC 29223/29223 , NOFILE 524288/524288 , AS infinity/infinity , CPU infinity/infinity , DATA infinity/infinity , FSIZE infinity/infinity , MEMLOCK 8192k/8192k
load average: 0.73 0.68 0.63

/proc/meminfo:
MemTotal:        7575416 kB
MemFree:          201756 kB
MemAvailable:    2887900 kB
Buffers:           25564 kB
Cached:          2790340 kB
SwapCached:            0 kB
Active:          2106476 kB
Inactive:        4763444 kB
Active(anon):    1364936 kB
Inactive(anon):  2727672 kB
Active(file):     741540 kB
Inactive(file):  2035772 kB
Unevictable:         152 kB
Mlocked:             152 kB
SwapTotal:             0 kB
SwapFree:              0 kB
Zswap:                 0 kB
Zswapped:              0 kB
Dirty:              9736 kB
Writeback:             0 kB
AnonPages:       4054720 kB
Mapped:          1064256 kB
Shmem:             38620 kB
KReclaimable:     101888 kB
Slab:             304056 kB
SReclaimable:     101888 kB
SUnreclaim:       202168 kB
KernelStack:       15552 kB
ShadowCallStack:    3944 kB
PageTables:        55088 kB
SecPageTables:         0 kB
NFS_Unstable:          0 kB
Bounce:                0 kB
WritebackTmp:          0 kB
CommitLimit:     3787708 kB
Committed_AS:    9389712 kB
VmallocTotal:   135288315904 kB
VmallocUsed:       36988 kB
VmallocChunk:          0 kB
Percpu:             5856 kB
HardwareCorrupted:     0 kB
AnonHugePages:         0 kB
ShmemHugePages:        0 kB
ShmemPmdMapped:        0 kB
FileHugePages:     49152 kB
FilePmdMapped:         0 kB
CmaTotal:          32768 kB
CmaFree:             360 kB
Balloon:               0 kB
HugePages_Total:       0
HugePages_Free:        0
HugePages_Rsvd:        0
HugePages_Surp:        0
Hugepagesize:       2048 kB
Hugetlb:               0 kB

/sys/kernel/mm/transparent_hugepage/enabled: always [madvise] never
/sys/kernel/mm/transparent_hugepage/hpage_pmd_size: 2097152
/sys/kernel/mm/transparent_hugepage/defrag (defrag/compaction efforts parameter): always defer defer+madvise [madvise] never

Process Memory:
Virtual Size: 5228476K (peak: 5228476K)
Resident Set Size: 157000K (peak: 157000K) (anon: 131576K, file: 25392K, shmem: 32K)
Swapped out: 0K
C-Heap outstanding allocations: 42465K, retained: 3642K
glibc malloc tunables: (default)

/proc/sys/kernel/threads-max (system-wide limit on the number of threads): 58447
/proc/sys/vm/max_map_count (maximum number of memory map areas a process may have): 1048576
/proc/sys/vm/swappiness (control to define how aggressively the kernel swaps out anonymous memory): 60
/proc/sys/kernel/pid_max (system-wide limit on number of process identifiers): 4194304

container information not found.
Steal ticks since vm start: 0
Steal ticks percentage since vm start:  0.000

CPU: total 8 (initial active 8) 0x61:0x0:0x000:0, fp, asimd, evtstrm, aes, pmull, sha1, sha256, crc32, lse, dcpop, sha3, sha512, paca
/proc/cpuinfo:
processor	: 0
BogoMIPS	: 48.00
Features	: fp asimd evtstrm aes pmull sha1 sha2 crc32 atomics fphp asimdhp cpuid asimdrdm jscvt fcma lrcpc dcpop sha3 asimddp sha512 asimdfhm dit uscat ilrcpc flagm sb paca pacg dcpodp flagm2 frint bf16 afp
CPU implementer	: 0x61
CPU architecture: 8
CPU variant	: 0x0
CPU part	: 0x000
CPU revision	: 0

processor	: 1
BogoMIPS	: 48.00
Features	: fp asimd evtstrm aes pmull sha1 sha2 crc32 atomics fphp asimdhp cpuid asimdrdm jscvt fcma lrcpc dcpop sha3 asimddp sha512 asimdfhm dit uscat ilrcpc flagm sb paca pacg dcpodp flagm2 frint bf16 afp
CPU implementer	: 0x61
CPU architecture: 8
CPU variant	: 0x0
CPU part	: 0x000
CPU revision	: 0

processor	: 2
BogoMIPS	: 48.00
Features	: fp asimd evtstrm aes pmull sha1 sha2 crc32 atomics fphp asimdhp cpuid asimdrdm jscvt fcma lrcpc dcpop sha3 asimddp sha512 asimdfhm dit uscat ilrcpc flagm sb paca pacg dcpodp flagm2 frint bf16 afp
CPU implementer	: 0x61
CPU architecture: 8
CPU variant	: 0x0
CPU part	: 0x000
CPU revision	: 0

processor	: 3
BogoMIPS	: 48.00
Features	: fp asimd evtstrm aes pmull sha1 sha2 crc32 atomics fphp asimdhp cpuid asimdrdm jscvt fcma lrcpc dcpop sha3 asimddp sha512 asimdfhm dit uscat ilrcpc flagm sb paca pacg dcpodp flagm2 frint bf16 afp
CPU implementer	: 0x61
CPU architecture: 8
CPU variant	: 0x0
CPU part	: 0x000
CPU revision	: 0

processor	: 4
BogoMIPS	: 48.00
Features	: fp asimd evtstrm aes pmull sha1 sha2 crc32 atomics fphp asimdhp cpuid asimdrdm jscvt fcma lrcpc dcpop sha3 asimddp sha512 asimdfhm dit uscat ilrcpc flagm sb paca pacg dcpodp flagm2 frint bf16 afp
CPU implementer	: 0x61
CPU architecture: 8
CPU variant	: 0x0
CPU part	: 0x000
CPU revision	: 0

processor	: 5
BogoMIPS	: 48.00
Features	: fp asimd evtstrm aes pmull sha1 sha2 crc32 atomics fphp asimdhp cpuid asimdrdm jscvt fcma lrcpc dcpop sha3 asimddp sha512 asimdfhm dit uscat ilrcpc flagm sb paca pacg dcpodp flagm2 frint bf16 afp
CPU implementer	: 0x61
CPU architecture: 8
CPU variant	: 0x0
CPU part	: 0x000
CPU revision	: 0

processor	: 6
BogoMIPS	: 48.00
Features	: fp asimd evtstrm aes pmull sha1 sha2 crc32 atomics fphp asimdhp cpuid asimdrdm jscvt fcma lrcpc dcpop sha3 asimddp sha512 asimdfhm dit uscat ilrcpc flagm sb paca pacg dcpodp flagm2 frint bf16 afp
CPU implementer	: 0x61
CPU architecture: 8
CPU variant	: 0x0
CPU part	: 0x000
CPU revision	: 0

processor	: 7
BogoMIPS	: 48.00
Features	: fp asimd evtstrm aes pmull sha1 sha2 crc32 atomics fphp asimdhp cpuid asimdrdm jscvt fcma lrcpc dcpop sha3 asimddp sha512 asimdfhm dit uscat ilrcpc flagm sb paca pacg dcpodp flagm2 frint bf16 afp
CPU implementer	: 0x61
CPU architecture: 8
CPU variant	: 0x0
CPU part	: 0x000
CPU revision	: 0


Online cpus: 0-7
Offline cpus: 

Memory: 4k page, physical 7575416k(2887900k free), swap 0k(0k free)
Page Sizes: 4k

vm_info: OpenJDK 64-Bit Server VM (21.0.10+7-Ubuntu-125.10) for linux-aarch64 JRE (21.0.10+7-Ubuntu-125.10), built on 2026-01-22T23:46:51Z by "buildd" with gcc 15.2.0

END.
